{
  "D:\\WorkFlow\\RS\\react\\src\\App.tsx": {
    "path": "D:\\WorkFlow\\RS\\react\\src\\App.tsx",
    "all": false,
    "statementMap": {
      "0": { "start": { "line": 1, "column": 0 }, "end": { "line": 1, "column": 41 } },
      "1": { "start": { "line": 2, "column": 0 }, "end": { "line": 2, "column": 52 } },
      "2": { "start": { "line": 3, "column": 0 }, "end": { "line": 3, "column": 34 } },
      "3": { "start": { "line": 4, "column": 0 }, "end": { "line": 4, "column": 77 } },
      "4": { "start": { "line": 5, "column": 0 }, "end": { "line": 5, "column": 0 } },
      "5": { "start": { "line": 6, "column": 0 }, "end": { "line": 6, "column": 43 } },
      "6": { "start": { "line": 7, "column": 0 }, "end": { "line": 7, "column": 0 } },
      "7": { "start": { "line": 8, "column": 0 }, "end": { "line": 8, "column": 64 } },
      "8": { "start": { "line": 9, "column": 0 }, "end": { "line": 9, "column": 0 } },
      "9": { "start": { "line": 10, "column": 0 }, "end": { "line": 10, "column": 19 } },
      "10": { "start": { "line": 11, "column": 0 }, "end": { "line": 11, "column": 0 } },
      "11": { "start": { "line": 12, "column": 0 }, "end": { "line": 12, "column": 42 } },
      "12": { "start": { "line": 13, "column": 0 }, "end": { "line": 13, "column": 0 } },
      "13": { "start": { "line": 14, "column": 0 }, "end": { "line": 14, "column": 36 } },
      "14": { "start": { "line": 15, "column": 0 }, "end": { "line": 15, "column": 12 } },
      "15": { "start": { "line": 16, "column": 0 }, "end": { "line": 16, "column": 12 } },
      "16": { "start": { "line": 17, "column": 0 }, "end": { "line": 17, "column": 33 } },
      "17": { "start": { "line": 18, "column": 0 }, "end": { "line": 18, "column": 40 } },
      "18": { "start": { "line": 19, "column": 0 }, "end": { "line": 19, "column": 36 } },
      "19": { "start": { "line": 20, "column": 0 }, "end": { "line": 20, "column": 63 } },
      "20": { "start": { "line": 21, "column": 0 }, "end": { "line": 21, "column": 38 } },
      "21": { "start": { "line": 22, "column": 0 }, "end": { "line": 22, "column": 41 } },
      "22": { "start": { "line": 23, "column": 0 }, "end": { "line": 23, "column": 52 } },
      "23": { "start": { "line": 24, "column": 0 }, "end": { "line": 24, "column": 22 } },
      "24": { "start": { "line": 25, "column": 0 }, "end": { "line": 25, "column": 23 } },
      "25": { "start": { "line": 26, "column": 0 }, "end": { "line": 26, "column": 19 } },
      "26": { "start": { "line": 27, "column": 0 }, "end": { "line": 27, "column": 41 } },
      "27": { "start": { "line": 28, "column": 0 }, "end": { "line": 28, "column": 63 } },
      "28": { "start": { "line": 29, "column": 0 }, "end": { "line": 29, "column": 26 } },
      "29": { "start": { "line": 30, "column": 0 }, "end": { "line": 30, "column": 23 } },
      "30": { "start": { "line": 31, "column": 0 }, "end": { "line": 31, "column": 19 } },
      "31": { "start": { "line": 32, "column": 0 }, "end": { "line": 32, "column": 41 } },
      "32": { "start": { "line": 33, "column": 0 }, "end": { "line": 33, "column": 61 } },
      "33": { "start": { "line": 34, "column": 0 }, "end": { "line": 34, "column": 26 } },
      "34": { "start": { "line": 35, "column": 0 }, "end": { "line": 35, "column": 23 } },
      "35": { "start": { "line": 36, "column": 0 }, "end": { "line": 36, "column": 19 } },
      "36": { "start": { "line": 37, "column": 0 }, "end": { "line": 37, "column": 17 } },
      "37": { "start": { "line": 38, "column": 0 }, "end": { "line": 38, "column": 16 } },
      "38": { "start": { "line": 39, "column": 0 }, "end": { "line": 39, "column": 17 } },
      "39": { "start": { "line": 40, "column": 0 }, "end": { "line": 40, "column": 16 } },
      "40": { "start": { "line": 41, "column": 0 }, "end": { "line": 41, "column": 57 } },
      "41": { "start": { "line": 42, "column": 0 }, "end": { "line": 42, "column": 80 } },
      "42": { "start": { "line": 43, "column": 0 }, "end": { "line": 43, "column": 13 } },
      "43": { "start": { "line": 44, "column": 0 }, "end": { "line": 44, "column": 17 } },
      "44": { "start": { "line": 45, "column": 0 }, "end": { "line": 45, "column": 12 } },
      "45": { "start": { "line": 46, "column": 0 }, "end": { "line": 46, "column": 6 } },
      "46": { "start": { "line": 47, "column": 0 }, "end": { "line": 47, "column": 3 } },
      "47": { "start": { "line": 48, "column": 0 }, "end": { "line": 48, "column": 1 } },
      "48": { "start": { "line": 49, "column": 0 }, "end": { "line": 49, "column": 0 } },
      "49": { "start": { "line": 50, "column": 0 }, "end": { "line": 50, "column": 43 } },
      "50": { "start": { "line": 51, "column": 0 }, "end": { "line": 51, "column": 12 } },
      "51": { "start": { "line": 52, "column": 0 }, "end": { "line": 52, "column": 12 } },
      "52": { "start": { "line": 53, "column": 0 }, "end": { "line": 53, "column": 14 } },
      "53": { "start": { "line": 54, "column": 0 }, "end": { "line": 54, "column": 15 } },
      "54": { "start": { "line": 55, "column": 0 }, "end": { "line": 55, "column": 15 } },
      "55": { "start": { "line": 56, "column": 0 }, "end": { "line": 56, "column": 6 } },
      "56": { "start": { "line": 57, "column": 0 }, "end": { "line": 57, "column": 3 } },
      "57": { "start": { "line": 58, "column": 0 }, "end": { "line": 58, "column": 1 } }
    },
    "s": {
      "0": 1,
      "1": 1,
      "2": 1,
      "3": 1,
      "4": 1,
      "5": 1,
      "6": 1,
      "7": 1,
      "8": 1,
      "9": 1,
      "10": 1,
      "11": 1,
      "12": 1,
      "13": 1,
      "14": 1,
      "15": 4,
      "16": 4,
      "17": 4,
      "18": 4,
      "19": 4,
      "20": 4,
      "21": 4,
      "22": 4,
      "23": 4,
      "24": 4,
      "25": 4,
      "26": 4,
      "27": 4,
      "28": 4,
      "29": 4,
      "30": 4,
      "31": 4,
      "32": 4,
      "33": 4,
      "34": 4,
      "35": 4,
      "36": 4,
      "37": 4,
      "38": 4,
      "39": 4,
      "40": 4,
      "41": 16,
      "42": 4,
      "43": 4,
      "44": 4,
      "45": 4,
      "46": 4,
      "47": 1,
      "48": 1,
      "49": 1,
      "50": 1,
      "51": 3,
      "52": 3,
      "53": 3,
      "54": 3,
      "55": 3,
      "56": 3,
      "57": 3
    },
    "branchMap": {
      "0": {
        "type": "branch",
        "line": 15,
        "loc": { "start": { "line": 15, "column": 2 }, "end": { "line": 47, "column": 3 } },
        "locations": [{ "start": { "line": 15, "column": 2 }, "end": { "line": 47, "column": 3 } }]
      },
      "1": {
        "type": "branch",
        "line": 41,
        "loc": { "start": { "line": 41, "column": 25 }, "end": { "line": 42, "column": 80 } },
        "locations": [
          { "start": { "line": 41, "column": 25 }, "end": { "line": 42, "column": 80 } }
        ]
      },
      "2": {
        "type": "branch",
        "line": 48,
        "loc": { "start": { "line": 48, "column": 0 }, "end": { "line": 48, "column": 1 } },
        "locations": [{ "start": { "line": 48, "column": 0 }, "end": { "line": 48, "column": 1 } }]
      },
      "3": {
        "type": "branch",
        "line": 51,
        "loc": { "start": { "line": 51, "column": 2 }, "end": { "line": 57, "column": 3 } },
        "locations": [{ "start": { "line": 51, "column": 2 }, "end": { "line": 57, "column": 3 } }]
      },
      "4": {
        "type": "branch",
        "line": 58,
        "loc": { "start": { "line": 58, "column": 0 }, "end": { "line": 58, "column": 1 } },
        "locations": [{ "start": { "line": 58, "column": 0 }, "end": { "line": 58, "column": 1 } }]
      }
    },
    "b": { "0": [4], "1": [16], "2": [1], "3": [3], "4": [3] },
    "fnMap": {
      "0": {
        "name": "render",
        "decl": { "start": { "line": 15, "column": 2 }, "end": { "line": 47, "column": 3 } },
        "loc": { "start": { "line": 15, "column": 2 }, "end": { "line": 47, "column": 3 } },
        "line": 15
      },
      "1": {
        "name": "get",
        "decl": { "start": { "line": 48, "column": 0 }, "end": { "line": 48, "column": 1 } },
        "loc": { "start": { "line": 48, "column": 0 }, "end": { "line": 48, "column": 1 } },
        "line": 48
      },
      "2": {
        "name": "render",
        "decl": { "start": { "line": 51, "column": 2 }, "end": { "line": 57, "column": 3 } },
        "loc": { "start": { "line": 51, "column": 2 }, "end": { "line": 57, "column": 3 } },
        "line": 51
      },
      "3": {
        "name": "get",
        "decl": { "start": { "line": 58, "column": 0 }, "end": { "line": 58, "column": 1 } },
        "loc": { "start": { "line": 58, "column": 0 }, "end": { "line": 58, "column": 1 } },
        "line": 58
      }
    },
    "f": { "0": 4, "1": 1, "2": 3, "3": 3 }
  },
  "D:\\WorkFlow\\RS\\react\\src\\components\\Card.tsx": {
    "path": "D:\\WorkFlow\\RS\\react\\src\\components\\Card.tsx",
    "all": false,
    "statementMap": {
      "0": { "start": { "line": 1, "column": 0 }, "end": { "line": 1, "column": 52 } },
      "1": { "start": { "line": 2, "column": 0 }, "end": { "line": 2, "column": 26 } },
      "2": { "start": { "line": 3, "column": 0 }, "end": { "line": 3, "column": 47 } },
      "3": { "start": { "line": 4, "column": 0 }, "end": { "line": 4, "column": 34 } },
      "4": { "start": { "line": 5, "column": 0 }, "end": { "line": 5, "column": 28 } },
      "5": { "start": { "line": 6, "column": 0 }, "end": { "line": 6, "column": 0 } },
      "6": { "start": { "line": 7, "column": 0 }, "end": { "line": 7, "column": 47 } },
      "7": { "start": { "line": 8, "column": 0 }, "end": { "line": 8, "column": 12 } },
      "8": { "start": { "line": 9, "column": 0 }, "end": { "line": 9, "column": 99 } },
      "9": { "start": { "line": 10, "column": 0 }, "end": { "line": 10, "column": 12 } },
      "10": { "start": { "line": 11, "column": 0 }, "end": { "line": 11, "column": 28 } },
      "11": { "start": { "line": 12, "column": 0 }, "end": { "line": 12, "column": 37 } },
      "12": { "start": { "line": 13, "column": 0 }, "end": { "line": 13, "column": 42 } },
      "13": { "start": { "line": 14, "column": 0 }, "end": { "line": 14, "column": 14 } },
      "14": { "start": { "line": 15, "column": 0 }, "end": { "line": 15, "column": 39 } },
      "15": { "start": { "line": 16, "column": 0 }, "end": { "line": 16, "column": 54 } },
      "16": { "start": { "line": 17, "column": 0 }, "end": { "line": 17, "column": 45 } },
      "17": { "start": { "line": 18, "column": 0 }, "end": { "line": 18, "column": 72 } },
      "18": { "start": { "line": 19, "column": 0 }, "end": { "line": 19, "column": 40 } },
      "19": { "start": { "line": 20, "column": 0 }, "end": { "line": 20, "column": 64 } },
      "20": { "start": { "line": 21, "column": 0 }, "end": { "line": 21, "column": 36 } },
      "21": { "start": { "line": 22, "column": 0 }, "end": { "line": 22, "column": 21 } },
      "22": { "start": { "line": 23, "column": 0 }, "end": { "line": 23, "column": 28 } },
      "23": { "start": { "line": 24, "column": 0 }, "end": { "line": 24, "column": 18 } },
      "24": { "start": { "line": 25, "column": 0 }, "end": { "line": 25, "column": 40 } },
      "25": { "start": { "line": 26, "column": 0 }, "end": { "line": 26, "column": 38 } },
      "26": { "start": { "line": 27, "column": 0 }, "end": { "line": 27, "column": 24 } },
      "27": { "start": { "line": 28, "column": 0 }, "end": { "line": 28, "column": 18 } },
      "28": { "start": { "line": 29, "column": 0 }, "end": { "line": 29, "column": 16 } },
      "29": { "start": { "line": 30, "column": 0 }, "end": { "line": 30, "column": 14 } },
      "30": { "start": { "line": 31, "column": 0 }, "end": { "line": 31, "column": 38 } },
      "31": { "start": { "line": 32, "column": 0 }, "end": { "line": 32, "column": 66 } },
      "32": { "start": { "line": 33, "column": 0 }, "end": { "line": 33, "column": 24 } },
      "33": { "start": { "line": 34, "column": 0 }, "end": { "line": 34, "column": 19 } },
      "34": { "start": { "line": 35, "column": 0 }, "end": { "line": 35, "column": 14 } },
      "35": { "start": { "line": 36, "column": 0 }, "end": { "line": 36, "column": 12 } },
      "36": { "start": { "line": 37, "column": 0 }, "end": { "line": 37, "column": 6 } },
      "37": { "start": { "line": 38, "column": 0 }, "end": { "line": 38, "column": 3 } },
      "38": { "start": { "line": 39, "column": 0 }, "end": { "line": 39, "column": 1 } },
      "39": { "start": { "line": 40, "column": 0 }, "end": { "line": 40, "column": 0 } },
      "40": { "start": { "line": 41, "column": 0 }, "end": { "line": 41, "column": 20 } }
    },
    "s": {
      "0": 1,
      "1": 1,
      "2": 1,
      "3": 1,
      "4": 1,
      "5": 1,
      "6": 1,
      "7": 1,
      "8": 52,
      "9": 52,
      "10": 52,
      "11": 52,
      "12": 52,
      "13": 52,
      "14": 52,
      "15": 52,
      "16": 52,
      "17": 52,
      "18": 52,
      "19": 52,
      "20": 52,
      "21": 52,
      "22": 52,
      "23": 52,
      "24": 52,
      "25": 52,
      "26": 52,
      "27": 52,
      "28": 52,
      "29": 52,
      "30": 52,
      "31": 52,
      "32": 52,
      "33": 52,
      "34": 52,
      "35": 52,
      "36": 52,
      "37": 52,
      "38": 1,
      "39": 1,
      "40": 1
    },
    "branchMap": {
      "0": {
        "type": "branch",
        "line": 8,
        "loc": { "start": { "line": 8, "column": 2 }, "end": { "line": 38, "column": 3 } },
        "locations": [{ "start": { "line": 8, "column": 2 }, "end": { "line": 38, "column": 3 } }]
      }
    },
    "b": { "0": [52] },
    "fnMap": {
      "0": {
        "name": "render",
        "decl": { "start": { "line": 8, "column": 2 }, "end": { "line": 38, "column": 3 } },
        "loc": { "start": { "line": 8, "column": 2 }, "end": { "line": 38, "column": 3 } },
        "line": 8
      }
    },
    "f": { "0": 52 }
  },
  "D:\\WorkFlow\\RS\\react\\src\\components\\Carousel.tsx": {
    "path": "D:\\WorkFlow\\RS\\react\\src\\components\\Carousel.tsx",
    "all": false,
    "statementMap": {
      "0": { "start": { "line": 1, "column": 0 }, "end": { "line": 1, "column": 49 } },
      "1": { "start": { "line": 2, "column": 0 }, "end": { "line": 2, "column": 34 } },
      "2": { "start": { "line": 3, "column": 0 }, "end": { "line": 3, "column": 32 } },
      "3": { "start": { "line": 4, "column": 0 }, "end": { "line": 4, "column": 0 } },
      "4": { "start": { "line": 5, "column": 0 }, "end": { "line": 5, "column": 72 } },
      "5": { "start": { "line": 6, "column": 0 }, "end": { "line": 6, "column": 0 } },
      "6": { "start": { "line": 7, "column": 0 }, "end": { "line": 7, "column": 61 } },
      "7": { "start": { "line": 8, "column": 0 }, "end": { "line": 8, "column": 38 } },
      "8": { "start": { "line": 9, "column": 0 }, "end": { "line": 9, "column": 17 } },
      "9": { "start": { "line": 10, "column": 0 }, "end": { "line": 10, "column": 37 } },
      "10": { "start": { "line": 11, "column": 0 }, "end": { "line": 11, "column": 3 } },
      "11": { "start": { "line": 12, "column": 0 }, "end": { "line": 12, "column": 0 } },
      "12": { "start": { "line": 13, "column": 0 }, "end": { "line": 13, "column": 23 } },
      "13": { "start": { "line": 14, "column": 0 }, "end": { "line": 14, "column": 79 } },
      "14": { "start": { "line": 15, "column": 0 }, "end": { "line": 15, "column": 49 } },
      "15": { "start": { "line": 16, "column": 0 }, "end": { "line": 16, "column": 3 } },
      "16": { "start": { "line": 17, "column": 0 }, "end": { "line": 17, "column": 0 } },
      "17": { "start": { "line": 18, "column": 0 }, "end": { "line": 18, "column": 16 } },
      "18": { "start": { "line": 19, "column": 0 }, "end": { "line": 19, "column": 35 } },
      "19": { "start": { "line": 20, "column": 0 }, "end": { "line": 20, "column": 78 } },
      "20": { "start": { "line": 21, "column": 0 }, "end": { "line": 21, "column": 8 } },
      "21": { "start": { "line": 22, "column": 0 }, "end": { "line": 22, "column": 4 } },
      "22": { "start": { "line": 23, "column": 0 }, "end": { "line": 23, "column": 0 } },
      "23": { "start": { "line": 24, "column": 0 }, "end": { "line": 24, "column": 16 } },
      "24": { "start": { "line": 25, "column": 0 }, "end": { "line": 25, "column": 35 } },
      "25": { "start": { "line": 26, "column": 0 }, "end": { "line": 26, "column": 19 } },
      "26": { "start": { "line": 27, "column": 0 }, "end": { "line": 27, "column": 95 } },
      "27": { "start": { "line": 28, "column": 0 }, "end": { "line": 28, "column": 8 } },
      "28": { "start": { "line": 29, "column": 0 }, "end": { "line": 29, "column": 4 } },
      "29": { "start": { "line": 30, "column": 0 }, "end": { "line": 30, "column": 0 } },
      "30": { "start": { "line": 31, "column": 0 }, "end": { "line": 31, "column": 40 } },
      "31": { "start": { "line": 32, "column": 0 }, "end": { "line": 32, "column": 19 } },
      "32": { "start": { "line": 33, "column": 0 }, "end": { "line": 33, "column": 26 } },
      "33": { "start": { "line": 34, "column": 0 }, "end": { "line": 34, "column": 7 } },
      "34": { "start": { "line": 35, "column": 0 }, "end": { "line": 35, "column": 4 } },
      "35": { "start": { "line": 36, "column": 0 }, "end": { "line": 36, "column": 0 } },
      "36": { "start": { "line": 37, "column": 0 }, "end": { "line": 37, "column": 12 } },
      "37": { "start": { "line": 38, "column": 0 }, "end": { "line": 38, "column": 34 } },
      "38": { "start": { "line": 39, "column": 0 }, "end": { "line": 39, "column": 40 } },
      "39": { "start": { "line": 40, "column": 0 }, "end": { "line": 40, "column": 0 } },
      "40": { "start": { "line": 41, "column": 0 }, "end": { "line": 41, "column": 12 } },
      "41": { "start": { "line": 42, "column": 0 }, "end": { "line": 42, "column": 34 } },
      "42": { "start": { "line": 43, "column": 0 }, "end": { "line": 43, "column": 42 } },
      "43": { "start": { "line": 44, "column": 0 }, "end": { "line": 44, "column": 35 } },
      "44": { "start": { "line": 45, "column": 0 }, "end": { "line": 45, "column": 16 } },
      "45": { "start": { "line": 46, "column": 0 }, "end": { "line": 46, "column": 28 } },
      "46": { "start": { "line": 47, "column": 0 }, "end": { "line": 47, "column": 87 } },
      "47": { "start": { "line": 48, "column": 0 }, "end": { "line": 48, "column": 13 } },
      "48": { "start": { "line": 49, "column": 0 }, "end": { "line": 49, "column": 73 } },
      "49": { "start": { "line": 50, "column": 0 }, "end": { "line": 50, "column": 58 } },
      "50": { "start": { "line": 51, "column": 0 }, "end": { "line": 51, "column": 18 } },
      "51": { "start": { "line": 52, "column": 0 }, "end": { "line": 52, "column": 13 } },
      "52": { "start": { "line": 53, "column": 0 }, "end": { "line": 53, "column": 0 } },
      "53": { "start": { "line": 54, "column": 0 }, "end": { "line": 54, "column": 55 } },
      "54": { "start": { "line": 55, "column": 0 }, "end": { "line": 55, "column": 16 } },
      "55": { "start": { "line": 56, "column": 0 }, "end": { "line": 56, "column": 19 } },
      "56": { "start": { "line": 57, "column": 0 }, "end": { "line": 57, "column": 0 } },
      "57": { "start": { "line": 58, "column": 0 }, "end": { "line": 58, "column": 55 } },
      "58": { "start": { "line": 59, "column": 0 }, "end": { "line": 59, "column": 16 } },
      "59": { "start": { "line": 60, "column": 0 }, "end": { "line": 60, "column": 19 } },
      "60": { "start": { "line": 61, "column": 0 }, "end": { "line": 61, "column": 14 } },
      "61": { "start": { "line": 62, "column": 0 }, "end": { "line": 62, "column": 0 } },
      "62": { "start": { "line": 63, "column": 0 }, "end": { "line": 63, "column": 30 } },
      "63": { "start": { "line": 64, "column": 0 }, "end": { "line": 64, "column": 35 } },
      "64": { "start": { "line": 65, "column": 0 }, "end": { "line": 65, "column": 17 } },
      "65": { "start": { "line": 66, "column": 0 }, "end": { "line": 66, "column": 28 } },
      "66": { "start": { "line": 67, "column": 0 }, "end": { "line": 67, "column": 86 } },
      "67": { "start": { "line": 68, "column": 0 }, "end": { "line": 68, "column": 74 } },
      "68": { "start": { "line": 69, "column": 0 }, "end": { "line": 69, "column": 20 } },
      "69": { "start": { "line": 70, "column": 0 }, "end": { "line": 70, "column": 13 } },
      "70": { "start": { "line": 71, "column": 0 }, "end": { "line": 71, "column": 14 } },
      "71": { "start": { "line": 72, "column": 0 }, "end": { "line": 72, "column": 12 } },
      "72": { "start": { "line": 73, "column": 0 }, "end": { "line": 73, "column": 6 } },
      "73": { "start": { "line": 74, "column": 0 }, "end": { "line": 74, "column": 3 } },
      "74": { "start": { "line": 75, "column": 0 }, "end": { "line": 75, "column": 1 } },
      "75": { "start": { "line": 76, "column": 0 }, "end": { "line": 76, "column": 0 } },
      "76": { "start": { "line": 77, "column": 0 }, "end": { "line": 77, "column": 24 } }
    },
    "s": {
      "0": 1,
      "1": 1,
      "2": 1,
      "3": 1,
      "4": 1,
      "5": 1,
      "6": 39,
      "7": 39,
      "8": 39,
      "9": 39,
      "10": 39,
      "11": 39,
      "12": 39,
      "13": 39,
      "14": 39,
      "15": 39,
      "16": 39,
      "17": 39,
      "18": 0,
      "19": 0,
      "20": 0,
      "21": 0,
      "22": 39,
      "23": 39,
      "24": 0,
      "25": 0,
      "26": 0,
      "27": 0,
      "28": 0,
      "29": 39,
      "30": 39,
      "31": 0,
      "32": 0,
      "33": 0,
      "34": 0,
      "35": 39,
      "36": 39,
      "37": 78,
      "38": 78,
      "39": 78,
      "40": 78,
      "41": 78,
      "42": 78,
      "43": 78,
      "44": 536,
      "45": 536,
      "46": 536,
      "47": 536,
      "48": 536,
      "49": 536,
      "50": 536,
      "51": 78,
      "52": 78,
      "53": 78,
      "54": 78,
      "55": 78,
      "56": 78,
      "57": 78,
      "58": 78,
      "59": 78,
      "60": 78,
      "61": 78,
      "62": 78,
      "63": 78,
      "64": 536,
      "65": 536,
      "66": 536,
      "67": 536,
      "68": 536,
      "69": 78,
      "70": 78,
      "71": 78,
      "72": 78,
      "73": 78,
      "74": 39,
      "75": 1,
      "76": 1
    },
    "branchMap": {
      "0": {
        "type": "branch",
        "line": 7,
        "loc": { "start": { "line": 7, "column": 0 }, "end": { "line": 75, "column": 1 } },
        "locations": [{ "start": { "line": 7, "column": 0 }, "end": { "line": 75, "column": 1 } }]
      },
      "1": {
        "type": "branch",
        "line": 8,
        "loc": { "start": { "line": 8, "column": 2 }, "end": { "line": 11, "column": 3 } },
        "locations": [{ "start": { "line": 8, "column": 2 }, "end": { "line": 11, "column": 3 } }]
      },
      "2": {
        "type": "branch",
        "line": 13,
        "loc": { "start": { "line": 13, "column": 2 }, "end": { "line": 16, "column": 3 } },
        "locations": [{ "start": { "line": 13, "column": 2 }, "end": { "line": 16, "column": 3 } }]
      },
      "3": {
        "type": "branch",
        "line": 37,
        "loc": { "start": { "line": 37, "column": 2 }, "end": { "line": 74, "column": 3 } },
        "locations": [{ "start": { "line": 37, "column": 2 }, "end": { "line": 74, "column": 3 } }]
      },
      "4": {
        "type": "branch",
        "line": 44,
        "loc": { "start": { "line": 44, "column": 23 }, "end": { "line": 51, "column": 18 } },
        "locations": [
          { "start": { "line": 44, "column": 23 }, "end": { "line": 51, "column": 18 } }
        ]
      },
      "5": {
        "type": "branch",
        "line": 47,
        "loc": { "start": { "line": 47, "column": 60 }, "end": { "line": 47, "column": 74 } },
        "locations": [
          { "start": { "line": 47, "column": 60 }, "end": { "line": 47, "column": 74 } }
        ]
      },
      "6": {
        "type": "branch",
        "line": 47,
        "loc": { "start": { "line": 47, "column": 65 }, "end": { "line": 47, "column": 87 } },
        "locations": [
          { "start": { "line": 47, "column": 65 }, "end": { "line": 47, "column": 87 } }
        ]
      },
      "7": {
        "type": "branch",
        "line": 64,
        "loc": { "start": { "line": 64, "column": 23 }, "end": { "line": 69, "column": 20 } },
        "locations": [
          { "start": { "line": 64, "column": 23 }, "end": { "line": 69, "column": 20 } }
        ]
      },
      "8": {
        "type": "branch",
        "line": 67,
        "loc": { "start": { "line": 67, "column": 60 }, "end": { "line": 67, "column": 80 } },
        "locations": [
          { "start": { "line": 67, "column": 60 }, "end": { "line": 67, "column": 80 } }
        ]
      },
      "9": {
        "type": "branch",
        "line": 67,
        "loc": { "start": { "line": 67, "column": 65 }, "end": { "line": 67, "column": 86 } },
        "locations": [
          { "start": { "line": 67, "column": 65 }, "end": { "line": 67, "column": 86 } }
        ]
      }
    },
    "b": {
      "0": [39],
      "1": [39],
      "2": [39],
      "3": [78],
      "4": [536],
      "5": [76],
      "6": [460],
      "7": [536],
      "8": [76],
      "9": [460]
    },
    "fnMap": {
      "0": {
        "name": "<instance_members_initializer>",
        "decl": { "start": { "line": 7, "column": 0 }, "end": { "line": 75, "column": 1 } },
        "loc": { "start": { "line": 7, "column": 0 }, "end": { "line": 75, "column": 1 } },
        "line": 7
      },
      "1": {
        "name": "Carousel",
        "decl": { "start": { "line": 8, "column": 2 }, "end": { "line": 11, "column": 3 } },
        "loc": { "start": { "line": 8, "column": 2 }, "end": { "line": 11, "column": 3 } },
        "line": 8
      },
      "2": {
        "name": "componentDidMount",
        "decl": { "start": { "line": 13, "column": 2 }, "end": { "line": 16, "column": 3 } },
        "loc": { "start": { "line": 13, "column": 2 }, "end": { "line": 16, "column": 3 } },
        "line": 13
      },
      "3": {
        "name": "next",
        "decl": { "start": { "line": 18, "column": 9 }, "end": { "line": 22, "column": 4 } },
        "loc": { "start": { "line": 18, "column": 9 }, "end": { "line": 22, "column": 4 } },
        "line": 18
      },
      "4": {
        "name": "prev",
        "decl": { "start": { "line": 24, "column": 9 }, "end": { "line": 29, "column": 4 } },
        "loc": { "start": { "line": 24, "column": 9 }, "end": { "line": 29, "column": 4 } },
        "line": 24
      },
      "5": {
        "name": "setCurrentIndex",
        "decl": { "start": { "line": 31, "column": 20 }, "end": { "line": 35, "column": 4 } },
        "loc": { "start": { "line": 31, "column": 20 }, "end": { "line": 35, "column": 4 } },
        "line": 31
      },
      "6": {
        "name": "render",
        "decl": { "start": { "line": 37, "column": 2 }, "end": { "line": 74, "column": 3 } },
        "loc": { "start": { "line": 37, "column": 2 }, "end": { "line": 74, "column": 3 } },
        "line": 37
      },
      "7": {
        "name": "onClick",
        "decl": { "start": { "line": 68, "column": 23 }, "end": { "line": 68, "column": 74 } },
        "loc": { "start": { "line": 68, "column": 23 }, "end": { "line": 68, "column": 74 } },
        "line": 68
      }
    },
    "f": { "0": 39, "1": 39, "2": 39, "3": 0, "4": 0, "5": 0, "6": 78, "7": 0 }
  },
  "D:\\WorkFlow\\RS\\react\\src\\components\\FormCard.tsx": {
    "path": "D:\\WorkFlow\\RS\\react\\src\\components\\FormCard.tsx",
    "all": false,
    "statementMap": {
      "0": { "start": { "line": 1, "column": 0 }, "end": { "line": 1, "column": 52 } },
      "1": { "start": { "line": 2, "column": 0 }, "end": { "line": 2, "column": 34 } },
      "2": { "start": { "line": 3, "column": 0 }, "end": { "line": 3, "column": 0 } },
      "3": { "start": { "line": 4, "column": 0 }, "end": { "line": 4, "column": 53 } },
      "4": { "start": { "line": 5, "column": 0 }, "end": { "line": 5, "column": 0 } },
      "5": { "start": { "line": 6, "column": 0 }, "end": { "line": 6, "column": 51 } },
      "6": { "start": { "line": 7, "column": 0 }, "end": { "line": 7, "column": 0 } },
      "7": { "start": { "line": 8, "column": 0 }, "end": { "line": 8, "column": 43 } },
      "8": { "start": { "line": 9, "column": 0 }, "end": { "line": 9, "column": 34 } },
      "9": { "start": { "line": 10, "column": 0 }, "end": { "line": 10, "column": 17 } },
      "10": { "start": { "line": 11, "column": 0 }, "end": { "line": 11, "column": 3 } },
      "11": { "start": { "line": 12, "column": 0 }, "end": { "line": 12, "column": 0 } },
      "12": { "start": { "line": 13, "column": 0 }, "end": { "line": 13, "column": 12 } },
      "13": { "start": { "line": 14, "column": 0 }, "end": { "line": 14, "column": 32 } },
      "14": { "start": { "line": 15, "column": 0 }, "end": { "line": 15, "column": 0 } },
      "15": { "start": { "line": 16, "column": 0 }, "end": { "line": 16, "column": 12 } },
      "16": { "start": { "line": 17, "column": 0 }, "end": { "line": 17, "column": 35 } },
      "17": { "start": { "line": 18, "column": 0 }, "end": { "line": 18, "column": 42 } },
      "18": { "start": { "line": 19, "column": 0 }, "end": { "line": 19, "column": 41 } },
      "19": { "start": { "line": 20, "column": 0 }, "end": { "line": 20, "column": 13 } },
      "20": { "start": { "line": 21, "column": 0 }, "end": { "line": 21, "column": 92 } },
      "21": { "start": { "line": 22, "column": 0 }, "end": { "line": 22, "column": 42 } },
      "22": { "start": { "line": 23, "column": 0 }, "end": { "line": 23, "column": 43 } },
      "23": { "start": { "line": 24, "column": 0 }, "end": { "line": 24, "column": 50 } },
      "24": { "start": { "line": 25, "column": 0 }, "end": { "line": 25, "column": 56 } },
      "25": { "start": { "line": 26, "column": 0 }, "end": { "line": 26, "column": 50 } },
      "26": { "start": { "line": 27, "column": 0 }, "end": { "line": 27, "column": 40 } },
      "27": { "start": { "line": 28, "column": 0 }, "end": { "line": 28, "column": 14 } },
      "28": { "start": { "line": 29, "column": 0 }, "end": { "line": 29, "column": 12 } },
      "29": { "start": { "line": 30, "column": 0 }, "end": { "line": 30, "column": 6 } },
      "30": { "start": { "line": 31, "column": 0 }, "end": { "line": 31, "column": 3 } },
      "31": { "start": { "line": 32, "column": 0 }, "end": { "line": 32, "column": 1 } },
      "32": { "start": { "line": 33, "column": 0 }, "end": { "line": 33, "column": 0 } },
      "33": { "start": { "line": 34, "column": 0 }, "end": { "line": 34, "column": 21 } }
    },
    "s": {
      "0": 1,
      "1": 1,
      "2": 1,
      "3": 1,
      "4": 1,
      "5": 1,
      "6": 1,
      "7": 1,
      "8": 1,
      "9": 0,
      "10": 0,
      "11": 1,
      "12": 1,
      "13": 0,
      "14": 0,
      "15": 0,
      "16": 0,
      "17": 0,
      "18": 0,
      "19": 0,
      "20": 0,
      "21": 0,
      "22": 0,
      "23": 0,
      "24": 0,
      "25": 0,
      "26": 0,
      "27": 0,
      "28": 0,
      "29": 0,
      "30": 0,
      "31": 1,
      "32": 1,
      "33": 1
    },
    "branchMap": {},
    "b": {},
    "fnMap": {
      "0": {
        "name": "Forms",
        "decl": { "start": { "line": 9, "column": 2 }, "end": { "line": 11, "column": 3 } },
        "loc": { "start": { "line": 9, "column": 2 }, "end": { "line": 11, "column": 3 } },
        "line": 9
      },
      "1": {
        "name": "render",
        "decl": { "start": { "line": 13, "column": 2 }, "end": { "line": 31, "column": 3 } },
        "loc": { "start": { "line": 13, "column": 2 }, "end": { "line": 31, "column": 3 } },
        "line": 13
      }
    },
    "f": { "0": 0, "1": 0 }
  },
  "D:\\WorkFlow\\RS\\react\\src\\components\\SearchBar.tsx": {
    "path": "D:\\WorkFlow\\RS\\react\\src\\components\\SearchBar.tsx",
    "all": false,
    "statementMap": {
      "0": { "start": { "line": 1, "column": 0 }, "end": { "line": 1, "column": 52 } },
      "1": { "start": { "line": 2, "column": 0 }, "end": { "line": 2, "column": 34 } },
      "2": { "start": { "line": 3, "column": 0 }, "end": { "line": 3, "column": 0 } },
      "3": { "start": { "line": 4, "column": 0 }, "end": { "line": 4, "column": 64 } },
      "4": { "start": { "line": 5, "column": 0 }, "end": { "line": 5, "column": 0 } },
      "5": { "start": { "line": 6, "column": 0 }, "end": { "line": 6, "column": 51 } },
      "6": { "start": { "line": 7, "column": 0 }, "end": { "line": 7, "column": 33 } },
      "7": { "start": { "line": 8, "column": 0 }, "end": { "line": 8, "column": 0 } },
      "8": { "start": { "line": 9, "column": 0 }, "end": { "line": 9, "column": 58 } },
      "9": { "start": { "line": 10, "column": 0 }, "end": { "line": 10, "column": 38 } },
      "10": { "start": { "line": 11, "column": 0 }, "end": { "line": 11, "column": 17 } },
      "11": { "start": { "line": 12, "column": 0 }, "end": { "line": 12, "column": 3 } },
      "12": { "start": { "line": 13, "column": 0 }, "end": { "line": 13, "column": 0 } },
      "13": { "start": { "line": 14, "column": 0 }, "end": { "line": 14, "column": 23 } },
      "14": { "start": { "line": 15, "column": 0 }, "end": { "line": 15, "column": 66 } },
      "15": { "start": { "line": 16, "column": 0 }, "end": { "line": 16, "column": 37 } },
      "16": { "start": { "line": 17, "column": 0 }, "end": { "line": 17, "column": 55 } },
      "17": { "start": { "line": 18, "column": 0 }, "end": { "line": 18, "column": 5 } },
      "18": { "start": { "line": 19, "column": 0 }, "end": { "line": 19, "column": 3 } },
      "19": { "start": { "line": 20, "column": 0 }, "end": { "line": 20, "column": 0 } },
      "20": { "start": { "line": 21, "column": 0 }, "end": { "line": 21, "column": 26 } },
      "21": { "start": { "line": 22, "column": 0 }, "end": { "line": 22, "column": 63 } },
      "22": { "start": { "line": 23, "column": 0 }, "end": { "line": 23, "column": 3 } },
      "23": { "start": { "line": 24, "column": 0 }, "end": { "line": 24, "column": 0 } },
      "24": { "start": { "line": 25, "column": 0 }, "end": { "line": 25, "column": 71 } },
      "25": { "start": { "line": 26, "column": 0 }, "end": { "line": 26, "column": 54 } },
      "26": { "start": { "line": 27, "column": 0 }, "end": { "line": 27, "column": 4 } },
      "27": { "start": { "line": 28, "column": 0 }, "end": { "line": 28, "column": 0 } },
      "28": { "start": { "line": 29, "column": 0 }, "end": { "line": 29, "column": 12 } },
      "29": { "start": { "line": 30, "column": 0 }, "end": { "line": 30, "column": 12 } },
      "30": { "start": { "line": 31, "column": 0 }, "end": { "line": 31, "column": 11 } },
      "31": { "start": { "line": 32, "column": 0 }, "end": { "line": 32, "column": 14 } },
      "32": { "start": { "line": 33, "column": 0 }, "end": { "line": 33, "column": 32 } },
      "33": { "start": { "line": 34, "column": 0 }, "end": { "line": 34, "column": 21 } },
      "34": { "start": { "line": 35, "column": 0 }, "end": { "line": 35, "column": 41 } },
      "35": { "start": { "line": 36, "column": 0 }, "end": { "line": 36, "column": 39 } },
      "36": { "start": { "line": 37, "column": 0 }, "end": { "line": 37, "column": 43 } },
      "37": { "start": { "line": 38, "column": 0 }, "end": { "line": 38, "column": 10 } },
      "38": { "start": { "line": 39, "column": 0 }, "end": { "line": 39, "column": 64 } },
      "39": { "start": { "line": 40, "column": 0 }, "end": { "line": 40, "column": 12 } },
      "40": { "start": { "line": 41, "column": 0 }, "end": { "line": 41, "column": 6 } },
      "41": { "start": { "line": 42, "column": 0 }, "end": { "line": 42, "column": 3 } },
      "42": { "start": { "line": 43, "column": 0 }, "end": { "line": 43, "column": 1 } },
      "43": { "start": { "line": 44, "column": 0 }, "end": { "line": 44, "column": 0 } },
      "44": { "start": { "line": 45, "column": 0 }, "end": { "line": 45, "column": 25 } }
    },
    "s": {
      "0": 1,
      "1": 1,
      "2": 1,
      "3": 1,
      "4": 1,
      "5": 1,
      "6": 1,
      "7": 1,
      "8": 7,
      "9": 7,
      "10": 7,
      "11": 7,
      "12": 7,
      "13": 7,
      "14": 7,
      "15": 7,
      "16": 4,
      "17": 4,
      "18": 7,
      "19": 7,
      "20": 7,
      "21": 7,
      "22": 7,
      "23": 7,
      "24": 7,
      "25": 0,
      "26": 0,
      "27": 7,
      "28": 7,
      "29": 9,
      "30": 9,
      "31": 9,
      "32": 9,
      "33": 9,
      "34": 9,
      "35": 9,
      "36": 9,
      "37": 9,
      "38": 9,
      "39": 9,
      "40": 9,
      "41": 9,
      "42": 7,
      "43": 1,
      "44": 1
    },
    "branchMap": {
      "0": {
        "type": "branch",
        "line": 9,
        "loc": { "start": { "line": 9, "column": 0 }, "end": { "line": 43, "column": 1 } },
        "locations": [{ "start": { "line": 9, "column": 0 }, "end": { "line": 43, "column": 1 } }]
      },
      "1": {
        "type": "branch",
        "line": 10,
        "loc": { "start": { "line": 10, "column": 2 }, "end": { "line": 12, "column": 3 } },
        "locations": [{ "start": { "line": 10, "column": 2 }, "end": { "line": 12, "column": 3 } }]
      },
      "2": {
        "type": "branch",
        "line": 14,
        "loc": { "start": { "line": 14, "column": 2 }, "end": { "line": 19, "column": 3 } },
        "locations": [{ "start": { "line": 14, "column": 2 }, "end": { "line": 19, "column": 3 } }]
      },
      "3": {
        "type": "branch",
        "line": 16,
        "loc": { "start": { "line": 16, "column": 36 }, "end": { "line": 18, "column": 5 } },
        "locations": [{ "start": { "line": 16, "column": 36 }, "end": { "line": 18, "column": 5 } }]
      },
      "4": {
        "type": "branch",
        "line": 21,
        "loc": { "start": { "line": 21, "column": 2 }, "end": { "line": 23, "column": 3 } },
        "locations": [{ "start": { "line": 21, "column": 2 }, "end": { "line": 23, "column": 3 } }]
      },
      "5": {
        "type": "branch",
        "line": 29,
        "loc": { "start": { "line": 29, "column": 2 }, "end": { "line": 42, "column": 3 } },
        "locations": [{ "start": { "line": 29, "column": 2 }, "end": { "line": 42, "column": 3 } }]
      }
    },
    "b": { "0": [7], "1": [7], "2": [7], "3": [4], "4": [7], "5": [9] },
    "fnMap": {
      "0": {
        "name": "<instance_members_initializer>",
        "decl": { "start": { "line": 9, "column": 0 }, "end": { "line": 43, "column": 1 } },
        "loc": { "start": { "line": 9, "column": 0 }, "end": { "line": 43, "column": 1 } },
        "line": 9
      },
      "1": {
        "name": "SearchBar",
        "decl": { "start": { "line": 10, "column": 2 }, "end": { "line": 12, "column": 3 } },
        "loc": { "start": { "line": 10, "column": 2 }, "end": { "line": 12, "column": 3 } },
        "line": 10
      },
      "2": {
        "name": "componentDidMount",
        "decl": { "start": { "line": 14, "column": 2 }, "end": { "line": 19, "column": 3 } },
        "loc": { "start": { "line": 14, "column": 2 }, "end": { "line": 19, "column": 3 } },
        "line": 14
      },
      "3": {
        "name": "componentWillUnmount",
        "decl": { "start": { "line": 21, "column": 2 }, "end": { "line": 23, "column": 3 } },
        "loc": { "start": { "line": 21, "column": 2 }, "end": { "line": 23, "column": 3 } },
        "line": 21
      },
      "4": {
        "name": "handleInputChange",
        "decl": { "start": { "line": 25, "column": 22 }, "end": { "line": 27, "column": 4 } },
        "loc": { "start": { "line": 25, "column": 22 }, "end": { "line": 27, "column": 4 } },
        "line": 25
      },
      "5": {
        "name": "render",
        "decl": { "start": { "line": 29, "column": 2 }, "end": { "line": 42, "column": 3 } },
        "loc": { "start": { "line": 29, "column": 2 }, "end": { "line": 42, "column": 3 } },
        "line": 29
      }
    },
    "f": { "0": 7, "1": 7, "2": 7, "3": 7, "4": 0, "5": 9 }
  },
  "D:\\WorkFlow\\RS\\react\\src\\data\\CardData.tsx": {
    "path": "D:\\WorkFlow\\RS\\react\\src\\data\\CardData.tsx",
    "all": false,
    "statementMap": {
      "0": { "start": { "line": 1, "column": 0 }, "end": { "line": 1, "column": 46 } },
      "1": { "start": { "line": 2, "column": 0 }, "end": { "line": 2, "column": 0 } },
      "2": { "start": { "line": 3, "column": 0 }, "end": { "line": 3, "column": 34 } },
      "3": { "start": { "line": 4, "column": 0 }, "end": { "line": 4, "column": 0 } },
      "4": { "start": { "line": 5, "column": 0 }, "end": { "line": 5, "column": 37 } },
      "5": { "start": { "line": 6, "column": 0 }, "end": { "line": 6, "column": 3 } },
      "6": { "start": { "line": 7, "column": 0 }, "end": { "line": 7, "column": 24 } },
      "7": { "start": { "line": 8, "column": 0 }, "end": { "line": 8, "column": 92 } },
      "8": { "start": { "line": 9, "column": 0 }, "end": { "line": 9, "column": 19 } },
      "9": { "start": { "line": 10, "column": 0 }, "end": { "line": 10, "column": 15 } },
      "10": { "start": { "line": 11, "column": 0 }, "end": { "line": 11, "column": 21 } },
      "11": { "start": { "line": 12, "column": 0 }, "end": { "line": 12, "column": 49 } },
      "12": { "start": { "line": 13, "column": 0 }, "end": { "line": 13, "column": 4 } },
      "13": { "start": { "line": 14, "column": 0 }, "end": { "line": 14, "column": 3 } },
      "14": { "start": { "line": 15, "column": 0 }, "end": { "line": 15, "column": 25 } },
      "15": { "start": { "line": 16, "column": 0 }, "end": { "line": 16, "column": 92 } },
      "16": { "start": { "line": 17, "column": 0 }, "end": { "line": 17, "column": 19 } },
      "17": { "start": { "line": 18, "column": 0 }, "end": { "line": 18, "column": 15 } },
      "18": { "start": { "line": 19, "column": 0 }, "end": { "line": 19, "column": 21 } },
      "19": { "start": { "line": 20, "column": 0 }, "end": { "line": 20, "column": 49 } },
      "20": { "start": { "line": 21, "column": 0 }, "end": { "line": 21, "column": 4 } },
      "21": { "start": { "line": 22, "column": 0 }, "end": { "line": 22, "column": 3 } },
      "22": { "start": { "line": 23, "column": 0 }, "end": { "line": 23, "column": 24 } },
      "23": { "start": { "line": 24, "column": 0 }, "end": { "line": 24, "column": 92 } },
      "24": { "start": { "line": 25, "column": 0 }, "end": { "line": 25, "column": 19 } },
      "25": { "start": { "line": 26, "column": 0 }, "end": { "line": 26, "column": 15 } },
      "26": { "start": { "line": 27, "column": 0 }, "end": { "line": 27, "column": 21 } },
      "27": { "start": { "line": 28, "column": 0 }, "end": { "line": 28, "column": 49 } },
      "28": { "start": { "line": 29, "column": 0 }, "end": { "line": 29, "column": 4 } },
      "29": { "start": { "line": 30, "column": 0 }, "end": { "line": 30, "column": 3 } },
      "30": { "start": { "line": 31, "column": 0 }, "end": { "line": 31, "column": 25 } },
      "31": { "start": { "line": 32, "column": 0 }, "end": { "line": 32, "column": 92 } },
      "32": { "start": { "line": 33, "column": 0 }, "end": { "line": 33, "column": 19 } },
      "33": { "start": { "line": 34, "column": 0 }, "end": { "line": 34, "column": 15 } },
      "34": { "start": { "line": 35, "column": 0 }, "end": { "line": 35, "column": 21 } },
      "35": { "start": { "line": 36, "column": 0 }, "end": { "line": 36, "column": 49 } },
      "36": { "start": { "line": 37, "column": 0 }, "end": { "line": 37, "column": 4 } },
      "37": { "start": { "line": 38, "column": 0 }, "end": { "line": 38, "column": 3 } },
      "38": { "start": { "line": 39, "column": 0 }, "end": { "line": 39, "column": 24 } },
      "39": { "start": { "line": 40, "column": 0 }, "end": { "line": 40, "column": 92 } },
      "40": { "start": { "line": 41, "column": 0 }, "end": { "line": 41, "column": 19 } },
      "41": { "start": { "line": 42, "column": 0 }, "end": { "line": 42, "column": 15 } },
      "42": { "start": { "line": 43, "column": 0 }, "end": { "line": 43, "column": 21 } },
      "43": { "start": { "line": 44, "column": 0 }, "end": { "line": 44, "column": 49 } },
      "44": { "start": { "line": 45, "column": 0 }, "end": { "line": 45, "column": 4 } },
      "45": { "start": { "line": 46, "column": 0 }, "end": { "line": 46, "column": 3 } },
      "46": { "start": { "line": 47, "column": 0 }, "end": { "line": 47, "column": 24 } },
      "47": { "start": { "line": 48, "column": 0 }, "end": { "line": 48, "column": 92 } },
      "48": { "start": { "line": 49, "column": 0 }, "end": { "line": 49, "column": 19 } },
      "49": { "start": { "line": 50, "column": 0 }, "end": { "line": 50, "column": 15 } },
      "50": { "start": { "line": 51, "column": 0 }, "end": { "line": 51, "column": 21 } },
      "51": { "start": { "line": 52, "column": 0 }, "end": { "line": 52, "column": 49 } },
      "52": { "start": { "line": 53, "column": 0 }, "end": { "line": 53, "column": 4 } },
      "53": { "start": { "line": 54, "column": 0 }, "end": { "line": 54, "column": 3 } },
      "54": { "start": { "line": 55, "column": 0 }, "end": { "line": 55, "column": 26 } },
      "55": { "start": { "line": 56, "column": 0 }, "end": { "line": 56, "column": 92 } },
      "56": { "start": { "line": 57, "column": 0 }, "end": { "line": 57, "column": 19 } },
      "57": { "start": { "line": 58, "column": 0 }, "end": { "line": 58, "column": 15 } },
      "58": { "start": { "line": 59, "column": 0 }, "end": { "line": 59, "column": 21 } },
      "59": { "start": { "line": 60, "column": 0 }, "end": { "line": 60, "column": 49 } },
      "60": { "start": { "line": 61, "column": 0 }, "end": { "line": 61, "column": 4 } },
      "61": { "start": { "line": 62, "column": 0 }, "end": { "line": 62, "column": 3 } },
      "62": { "start": { "line": 63, "column": 0 }, "end": { "line": 63, "column": 25 } },
      "63": { "start": { "line": 64, "column": 0 }, "end": { "line": 64, "column": 92 } },
      "64": { "start": { "line": 65, "column": 0 }, "end": { "line": 65, "column": 19 } },
      "65": { "start": { "line": 66, "column": 0 }, "end": { "line": 66, "column": 15 } },
      "66": { "start": { "line": 67, "column": 0 }, "end": { "line": 67, "column": 21 } },
      "67": { "start": { "line": 68, "column": 0 }, "end": { "line": 68, "column": 49 } },
      "68": { "start": { "line": 69, "column": 0 }, "end": { "line": 69, "column": 4 } },
      "69": { "start": { "line": 70, "column": 0 }, "end": { "line": 70, "column": 2 } }
    },
    "s": {
      "0": 1,
      "1": 1,
      "2": 1,
      "3": 1,
      "4": 1,
      "5": 1,
      "6": 1,
      "7": 1,
      "8": 1,
      "9": 1,
      "10": 1,
      "11": 1,
      "12": 1,
      "13": 1,
      "14": 1,
      "15": 1,
      "16": 1,
      "17": 1,
      "18": 1,
      "19": 1,
      "20": 1,
      "21": 1,
      "22": 1,
      "23": 1,
      "24": 1,
      "25": 1,
      "26": 1,
      "27": 1,
      "28": 1,
      "29": 1,
      "30": 1,
      "31": 1,
      "32": 1,
      "33": 1,
      "34": 1,
      "35": 1,
      "36": 1,
      "37": 1,
      "38": 1,
      "39": 1,
      "40": 1,
      "41": 1,
      "42": 1,
      "43": 1,
      "44": 1,
      "45": 1,
      "46": 1,
      "47": 1,
      "48": 1,
      "49": 1,
      "50": 1,
      "51": 1,
      "52": 1,
      "53": 1,
      "54": 1,
      "55": 1,
      "56": 1,
      "57": 1,
      "58": 1,
      "59": 1,
      "60": 1,
      "61": 1,
      "62": 1,
      "63": 1,
      "64": 1,
      "65": 1,
      "66": 1,
      "67": 1,
      "68": 1,
      "69": 6
    },
    "branchMap": {
      "0": {
        "type": "branch",
        "line": 70,
        "loc": { "start": { "line": 70, "column": 0 }, "end": { "line": 70, "column": 2 } },
        "locations": [{ "start": { "line": 70, "column": 0 }, "end": { "line": 70, "column": 2 } }]
      }
    },
    "b": { "0": [6] },
    "fnMap": {
      "0": {
        "name": "get",
        "decl": { "start": { "line": 70, "column": 0 }, "end": { "line": 70, "column": 2 } },
        "loc": { "start": { "line": 70, "column": 0 }, "end": { "line": 70, "column": 2 } },
        "line": 70
      }
    },
    "f": { "0": 6 }
  },
  "D:\\WorkFlow\\RS\\react\\src\\data\\GeorgianCities.tsx": {
    "path": "D:\\WorkFlow\\RS\\react\\src\\data\\GeorgianCities.tsx",
    "all": false,
    "statementMap": {
      "0": { "start": { "line": 1, "column": 0 }, "end": { "line": 1, "column": 45 } },
      "1": { "start": { "line": 2, "column": 0 }, "end": { "line": 2, "column": 0 } },
      "2": { "start": { "line": 3, "column": 0 }, "end": { "line": 3, "column": 35 } },
      "3": { "start": { "line": 4, "column": 0 }, "end": { "line": 4, "column": 3 } },
      "4": { "start": { "line": 5, "column": 0 }, "end": { "line": 5, "column": 10 } },
      "5": { "start": { "line": 6, "column": 0 }, "end": { "line": 6, "column": 20 } },
      "6": { "start": { "line": 7, "column": 0 }, "end": { "line": 7, "column": 4 } },
      "7": { "start": { "line": 8, "column": 0 }, "end": { "line": 8, "column": 3 } },
      "8": { "start": { "line": 9, "column": 0 }, "end": { "line": 9, "column": 10 } },
      "9": { "start": { "line": 10, "column": 0 }, "end": { "line": 10, "column": 19 } },
      "10": { "start": { "line": 11, "column": 0 }, "end": { "line": 11, "column": 4 } },
      "11": { "start": { "line": 12, "column": 0 }, "end": { "line": 12, "column": 3 } },
      "12": { "start": { "line": 13, "column": 0 }, "end": { "line": 13, "column": 10 } },
      "13": { "start": { "line": 14, "column": 0 }, "end": { "line": 14, "column": 20 } },
      "14": { "start": { "line": 15, "column": 0 }, "end": { "line": 15, "column": 4 } },
      "15": { "start": { "line": 16, "column": 0 }, "end": { "line": 16, "column": 3 } },
      "16": { "start": { "line": 17, "column": 0 }, "end": { "line": 17, "column": 10 } },
      "17": { "start": { "line": 18, "column": 0 }, "end": { "line": 18, "column": 20 } },
      "18": { "start": { "line": 19, "column": 0 }, "end": { "line": 19, "column": 4 } },
      "19": { "start": { "line": 20, "column": 0 }, "end": { "line": 20, "column": 3 } },
      "20": { "start": { "line": 21, "column": 0 }, "end": { "line": 21, "column": 10 } },
      "21": { "start": { "line": 22, "column": 0 }, "end": { "line": 22, "column": 20 } },
      "22": { "start": { "line": 23, "column": 0 }, "end": { "line": 23, "column": 4 } },
      "23": { "start": { "line": 24, "column": 0 }, "end": { "line": 24, "column": 3 } },
      "24": { "start": { "line": 25, "column": 0 }, "end": { "line": 25, "column": 10 } },
      "25": { "start": { "line": 26, "column": 0 }, "end": { "line": 26, "column": 17 } },
      "26": { "start": { "line": 27, "column": 0 }, "end": { "line": 27, "column": 4 } },
      "27": { "start": { "line": 28, "column": 0 }, "end": { "line": 28, "column": 3 } },
      "28": { "start": { "line": 29, "column": 0 }, "end": { "line": 29, "column": 10 } },
      "29": { "start": { "line": 30, "column": 0 }, "end": { "line": 30, "column": 20 } },
      "30": { "start": { "line": 31, "column": 0 }, "end": { "line": 31, "column": 4 } },
      "31": { "start": { "line": 32, "column": 0 }, "end": { "line": 32, "column": 3 } },
      "32": { "start": { "line": 33, "column": 0 }, "end": { "line": 33, "column": 10 } },
      "33": { "start": { "line": 34, "column": 0 }, "end": { "line": 34, "column": 17 } },
      "34": { "start": { "line": 35, "column": 0 }, "end": { "line": 35, "column": 4 } },
      "35": { "start": { "line": 36, "column": 0 }, "end": { "line": 36, "column": 3 } },
      "36": { "start": { "line": 37, "column": 0 }, "end": { "line": 37, "column": 10 } },
      "37": { "start": { "line": 38, "column": 0 }, "end": { "line": 38, "column": 19 } },
      "38": { "start": { "line": 39, "column": 0 }, "end": { "line": 39, "column": 4 } },
      "39": { "start": { "line": 40, "column": 0 }, "end": { "line": 40, "column": 2 } }
    },
    "s": {
      "0": 1,
      "1": 1,
      "2": 1,
      "3": 1,
      "4": 1,
      "5": 1,
      "6": 1,
      "7": 1,
      "8": 1,
      "9": 1,
      "10": 1,
      "11": 1,
      "12": 1,
      "13": 1,
      "14": 1,
      "15": 1,
      "16": 1,
      "17": 1,
      "18": 1,
      "19": 1,
      "20": 1,
      "21": 1,
      "22": 1,
      "23": 1,
      "24": 1,
      "25": 1,
      "26": 1,
      "27": 1,
      "28": 1,
      "29": 1,
      "30": 1,
      "31": 1,
      "32": 1,
      "33": 1,
      "34": 1,
      "35": 1,
      "36": 1,
      "37": 1,
      "38": 1,
      "39": 14
    },
    "branchMap": {
      "0": {
        "type": "branch",
        "line": 40,
        "loc": { "start": { "line": 40, "column": 0 }, "end": { "line": 40, "column": 2 } },
        "locations": [{ "start": { "line": 40, "column": 0 }, "end": { "line": 40, "column": 2 } }]
      }
    },
    "b": { "0": [14] },
    "fnMap": {
      "0": {
        "name": "get",
        "decl": { "start": { "line": 40, "column": 0 }, "end": { "line": 40, "column": 2 } },
        "loc": { "start": { "line": 40, "column": 0 }, "end": { "line": 40, "column": 2 } },
        "line": 40
      }
    },
    "f": { "0": 14 }
  },
  "D:\\WorkFlow\\RS\\react\\src\\data\\Photos.tsx": {
    "path": "D:\\WorkFlow\\RS\\react\\src\\data\\Photos.tsx",
    "all": false,
    "statementMap": {
      "0": { "start": { "line": 1, "column": 0 }, "end": { "line": 1, "column": 23 } },
      "1": { "start": { "line": 2, "column": 0 }, "end": { "line": 2, "column": 3 } },
      "2": { "start": { "line": 3, "column": 0 }, "end": { "line": 3, "column": 13 } },
      "3": { "start": { "line": 4, "column": 0 }, "end": { "line": 4, "column": 23 } },
      "4": { "start": { "line": 5, "column": 0 }, "end": { "line": 5, "column": 41 } },
      "5": { "start": { "line": 6, "column": 0 }, "end": { "line": 6, "column": 4 } },
      "6": { "start": { "line": 7, "column": 0 }, "end": { "line": 7, "column": 3 } },
      "7": { "start": { "line": 8, "column": 0 }, "end": { "line": 8, "column": 13 } },
      "8": { "start": { "line": 9, "column": 0 }, "end": { "line": 9, "column": 23 } },
      "9": { "start": { "line": 10, "column": 0 }, "end": { "line": 10, "column": 41 } },
      "10": { "start": { "line": 11, "column": 0 }, "end": { "line": 11, "column": 4 } },
      "11": { "start": { "line": 12, "column": 0 }, "end": { "line": 12, "column": 3 } },
      "12": { "start": { "line": 13, "column": 0 }, "end": { "line": 13, "column": 13 } },
      "13": { "start": { "line": 14, "column": 0 }, "end": { "line": 14, "column": 25 } },
      "14": { "start": { "line": 15, "column": 0 }, "end": { "line": 15, "column": 41 } },
      "15": { "start": { "line": 16, "column": 0 }, "end": { "line": 16, "column": 4 } },
      "16": { "start": { "line": 17, "column": 0 }, "end": { "line": 17, "column": 3 } },
      "17": { "start": { "line": 18, "column": 0 }, "end": { "line": 18, "column": 13 } },
      "18": { "start": { "line": 19, "column": 0 }, "end": { "line": 19, "column": 24 } },
      "19": { "start": { "line": 20, "column": 0 }, "end": { "line": 20, "column": 41 } },
      "20": { "start": { "line": 21, "column": 0 }, "end": { "line": 21, "column": 4 } },
      "21": { "start": { "line": 22, "column": 0 }, "end": { "line": 22, "column": 3 } },
      "22": { "start": { "line": 23, "column": 0 }, "end": { "line": 23, "column": 13 } },
      "23": { "start": { "line": 24, "column": 0 }, "end": { "line": 24, "column": 24 } },
      "24": { "start": { "line": 25, "column": 0 }, "end": { "line": 25, "column": 41 } },
      "25": { "start": { "line": 26, "column": 0 }, "end": { "line": 26, "column": 4 } },
      "26": { "start": { "line": 27, "column": 0 }, "end": { "line": 27, "column": 3 } },
      "27": { "start": { "line": 28, "column": 0 }, "end": { "line": 28, "column": 13 } },
      "28": { "start": { "line": 29, "column": 0 }, "end": { "line": 29, "column": 23 } },
      "29": { "start": { "line": 30, "column": 0 }, "end": { "line": 30, "column": 41 } },
      "30": { "start": { "line": 31, "column": 0 }, "end": { "line": 31, "column": 4 } },
      "31": { "start": { "line": 32, "column": 0 }, "end": { "line": 32, "column": 3 } },
      "32": { "start": { "line": 33, "column": 0 }, "end": { "line": 33, "column": 13 } },
      "33": { "start": { "line": 34, "column": 0 }, "end": { "line": 34, "column": 25 } },
      "34": { "start": { "line": 35, "column": 0 }, "end": { "line": 35, "column": 41 } },
      "35": { "start": { "line": 36, "column": 0 }, "end": { "line": 36, "column": 4 } },
      "36": { "start": { "line": 37, "column": 0 }, "end": { "line": 37, "column": 3 } },
      "37": { "start": { "line": 38, "column": 0 }, "end": { "line": 38, "column": 13 } },
      "38": { "start": { "line": 39, "column": 0 }, "end": { "line": 39, "column": 25 } },
      "39": { "start": { "line": 40, "column": 0 }, "end": { "line": 40, "column": 41 } },
      "40": { "start": { "line": 41, "column": 0 }, "end": { "line": 41, "column": 4 } },
      "41": { "start": { "line": 42, "column": 0 }, "end": { "line": 42, "column": 2 } }
    },
    "s": {
      "0": 1,
      "1": 1,
      "2": 1,
      "3": 1,
      "4": 1,
      "5": 1,
      "6": 1,
      "7": 1,
      "8": 1,
      "9": 1,
      "10": 1,
      "11": 1,
      "12": 1,
      "13": 1,
      "14": 1,
      "15": 1,
      "16": 1,
      "17": 1,
      "18": 1,
      "19": 1,
      "20": 1,
      "21": 1,
      "22": 1,
      "23": 1,
      "24": 1,
      "25": 1,
      "26": 1,
      "27": 1,
      "28": 1,
      "29": 1,
      "30": 1,
      "31": 1,
      "32": 1,
      "33": 1,
      "34": 1,
      "35": 1,
      "36": 1,
      "37": 1,
      "38": 1,
      "39": 1,
      "40": 1,
      "41": 16
    },
    "branchMap": {
      "0": {
        "type": "branch",
        "line": 42,
        "loc": { "start": { "line": 42, "column": 0 }, "end": { "line": 42, "column": 2 } },
        "locations": [{ "start": { "line": 42, "column": 0 }, "end": { "line": 42, "column": 2 } }]
      }
    },
    "b": { "0": [16] },
    "fnMap": {
      "0": {
        "name": "get",
        "decl": { "start": { "line": 42, "column": 0 }, "end": { "line": 42, "column": 2 } },
        "loc": { "start": { "line": 42, "column": 0 }, "end": { "line": 42, "column": 2 } },
        "line": 42
      }
    },
    "f": { "0": 16 }
  },
  "D:\\WorkFlow\\RS\\react\\src\\pages\\404.tsx": {
    "path": "D:\\WorkFlow\\RS\\react\\src\\pages\\404.tsx",
    "all": false,
    "statementMap": {
      "0": { "start": { "line": 1, "column": 0 }, "end": { "line": 1, "column": 52 } },
      "1": { "start": { "line": 2, "column": 0 }, "end": { "line": 2, "column": 34 } },
      "2": { "start": { "line": 3, "column": 0 }, "end": { "line": 3, "column": 40 } },
      "3": { "start": { "line": 4, "column": 0 }, "end": { "line": 4, "column": 0 } },
      "4": { "start": { "line": 5, "column": 0 }, "end": { "line": 5, "column": 34 } },
      "5": { "start": { "line": 6, "column": 0 }, "end": { "line": 6, "column": 12 } },
      "6": { "start": { "line": 7, "column": 0 }, "end": { "line": 7, "column": 12 } },
      "7": { "start": { "line": 8, "column": 0 }, "end": { "line": 8, "column": 11 } },
      "8": { "start": { "line": 9, "column": 0 }, "end": { "line": 9, "column": 33 } },
      "9": { "start": { "line": 10, "column": 0 }, "end": { "line": 10, "column": 49 } },
      "10": { "start": { "line": 11, "column": 0 }, "end": { "line": 11, "column": 12 } },
      "11": { "start": { "line": 12, "column": 0 }, "end": { "line": 12, "column": 6 } },
      "12": { "start": { "line": 13, "column": 0 }, "end": { "line": 13, "column": 3 } },
      "13": { "start": { "line": 14, "column": 0 }, "end": { "line": 14, "column": 1 } },
      "14": { "start": { "line": 15, "column": 0 }, "end": { "line": 15, "column": 0 } },
      "15": { "start": { "line": 16, "column": 0 }, "end": { "line": 16, "column": 24 } }
    },
    "s": {
      "0": 1,
      "1": 1,
      "2": 1,
      "3": 1,
      "4": 1,
      "5": 1,
      "6": 1,
      "7": 1,
      "8": 1,
      "9": 1,
      "10": 1,
      "11": 1,
      "12": 1,
      "13": 1,
      "14": 1,
      "15": 1
    },
    "branchMap": {
      "0": {
        "type": "branch",
        "line": 6,
        "loc": { "start": { "line": 6, "column": 2 }, "end": { "line": 13, "column": 3 } },
        "locations": [{ "start": { "line": 6, "column": 2 }, "end": { "line": 13, "column": 3 } }]
      }
    },
    "b": { "0": [1] },
    "fnMap": {
      "0": {
        "name": "render",
        "decl": { "start": { "line": 6, "column": 2 }, "end": { "line": 13, "column": 3 } },
        "loc": { "start": { "line": 6, "column": 2 }, "end": { "line": 13, "column": 3 } },
        "line": 6
      }
    },
    "f": { "0": 1 }
  },
  "D:\\WorkFlow\\RS\\react\\src\\pages\\AboutUs.tsx": {
    "path": "D:\\WorkFlow\\RS\\react\\src\\pages\\AboutUs.tsx",
    "all": false,
    "statementMap": {
      "0": { "start": { "line": 1, "column": 0 }, "end": { "line": 1, "column": 52 } },
      "1": { "start": { "line": 2, "column": 0 }, "end": { "line": 2, "column": 34 } },
      "2": { "start": { "line": 3, "column": 0 }, "end": { "line": 3, "column": 0 } },
      "3": { "start": { "line": 4, "column": 0 }, "end": { "line": 4, "column": 58 } },
      "4": { "start": { "line": 5, "column": 0 }, "end": { "line": 5, "column": 0 } },
      "5": { "start": { "line": 6, "column": 0 }, "end": { "line": 6, "column": 47 } },
      "6": { "start": { "line": 7, "column": 0 }, "end": { "line": 7, "column": 36 } },
      "7": { "start": { "line": 8, "column": 0 }, "end": { "line": 8, "column": 17 } },
      "8": { "start": { "line": 9, "column": 0 }, "end": { "line": 9, "column": 3 } },
      "9": { "start": { "line": 10, "column": 0 }, "end": { "line": 10, "column": 0 } },
      "10": { "start": { "line": 11, "column": 0 }, "end": { "line": 11, "column": 12 } },
      "11": { "start": { "line": 12, "column": 0 }, "end": { "line": 12, "column": 12 } },
      "12": { "start": { "line": 13, "column": 0 }, "end": { "line": 13, "column": 8 } },
      "13": { "start": { "line": 14, "column": 0 }, "end": { "line": 14, "column": 35 } },
      "14": { "start": { "line": 15, "column": 0 }, "end": { "line": 15, "column": 64 } },
      "15": { "start": { "line": 16, "column": 0 }, "end": { "line": 16, "column": 9 } },
      "16": { "start": { "line": 17, "column": 0 }, "end": { "line": 17, "column": 6 } },
      "17": { "start": { "line": 18, "column": 0 }, "end": { "line": 18, "column": 3 } },
      "18": { "start": { "line": 19, "column": 0 }, "end": { "line": 19, "column": 1 } },
      "19": { "start": { "line": 20, "column": 0 }, "end": { "line": 20, "column": 0 } },
      "20": { "start": { "line": 21, "column": 0 }, "end": { "line": 21, "column": 23 } }
    },
    "s": {
      "0": 1,
      "1": 1,
      "2": 1,
      "3": 1,
      "4": 1,
      "5": 1,
      "6": 1,
      "7": 1,
      "8": 1,
      "9": 1,
      "10": 1,
      "11": 1,
      "12": 1,
      "13": 1,
      "14": 1,
      "15": 1,
      "16": 1,
      "17": 1,
      "18": 1,
      "19": 1,
      "20": 1
    },
    "branchMap": {
      "0": {
        "type": "branch",
        "line": 7,
        "loc": { "start": { "line": 7, "column": 2 }, "end": { "line": 9, "column": 3 } },
        "locations": [{ "start": { "line": 7, "column": 2 }, "end": { "line": 9, "column": 3 } }]
      },
      "1": {
        "type": "branch",
        "line": 11,
        "loc": { "start": { "line": 11, "column": 2 }, "end": { "line": 18, "column": 3 } },
        "locations": [{ "start": { "line": 11, "column": 2 }, "end": { "line": 18, "column": 3 } }]
      }
    },
    "b": { "0": [1], "1": [1] },
    "fnMap": {
      "0": {
        "name": "AboutUs",
        "decl": { "start": { "line": 7, "column": 2 }, "end": { "line": 9, "column": 3 } },
        "loc": { "start": { "line": 7, "column": 2 }, "end": { "line": 9, "column": 3 } },
        "line": 7
      },
      "1": {
        "name": "render",
        "decl": { "start": { "line": 11, "column": 2 }, "end": { "line": 18, "column": 3 } },
        "loc": { "start": { "line": 11, "column": 2 }, "end": { "line": 18, "column": 3 } },
        "line": 11
      }
    },
    "f": { "0": 1, "1": 1 }
  },
  "D:\\WorkFlow\\RS\\react\\src\\pages\\AddForm.tsx": {
    "path": "D:\\WorkFlow\\RS\\react\\src\\pages\\AddForm.tsx",
    "all": false,
    "statementMap": {
      "0": { "start": { "line": 1, "column": 0 }, "end": { "line": 1, "column": 52 } },
      "1": { "start": { "line": 2, "column": 0 }, "end": { "line": 2, "column": 46 } },
      "2": { "start": { "line": 3, "column": 0 }, "end": { "line": 3, "column": 48 } },
      "3": { "start": { "line": 4, "column": 0 }, "end": { "line": 4, "column": 45 } },
      "4": { "start": { "line": 5, "column": 0 }, "end": { "line": 5, "column": 47 } },
      "5": { "start": { "line": 6, "column": 0 }, "end": { "line": 6, "column": 53 } },
      "6": { "start": { "line": 7, "column": 0 }, "end": { "line": 7, "column": 64 } },
      "7": { "start": { "line": 8, "column": 0 }, "end": { "line": 8, "column": 0 } },
      "8": { "start": { "line": 9, "column": 0 }, "end": { "line": 9, "column": 54 } },
      "9": { "start": { "line": 10, "column": 0 }, "end": { "line": 10, "column": 42 } },
      "10": { "start": { "line": 11, "column": 0 }, "end": { "line": 11, "column": 45 } },
      "11": { "start": { "line": 12, "column": 0 }, "end": { "line": 12, "column": 45 } },
      "12": { "start": { "line": 13, "column": 0 }, "end": { "line": 13, "column": 47 } },
      "13": { "start": { "line": 14, "column": 0 }, "end": { "line": 14, "column": 50 } },
      "14": { "start": { "line": 15, "column": 0 }, "end": { "line": 15, "column": 43 } },
      "15": { "start": { "line": 16, "column": 0 }, "end": { "line": 16, "column": 45 } },
      "16": { "start": { "line": 17, "column": 0 }, "end": { "line": 17, "column": 42 } },
      "17": { "start": { "line": 18, "column": 0 }, "end": { "line": 18, "column": 44 } },
      "18": { "start": { "line": 19, "column": 0 }, "end": { "line": 19, "column": 42 } },
      "19": { "start": { "line": 20, "column": 0 }, "end": { "line": 20, "column": 0 } },
      "20": { "start": { "line": 21, "column": 0 }, "end": { "line": 21, "column": 18 } },
      "21": { "start": { "line": 22, "column": 0 }, "end": { "line": 22, "column": 32 } },
      "22": { "start": { "line": 23, "column": 0 }, "end": { "line": 23, "column": 28 } },
      "23": { "start": { "line": 24, "column": 0 }, "end": { "line": 24, "column": 4 } },
      "24": { "start": { "line": 25, "column": 0 }, "end": { "line": 25, "column": 0 } },
      "25": { "start": { "line": 26, "column": 0 }, "end": { "line": 26, "column": 59 } },
      "26": { "start": { "line": 27, "column": 0 }, "end": { "line": 27, "column": 23 } },
      "27": { "start": { "line": 28, "column": 0 }, "end": { "line": 28, "column": 0 } },
      "28": { "start": { "line": 29, "column": 0 }, "end": { "line": 29, "column": 62 } },
      "29": { "start": { "line": 30, "column": 0 }, "end": { "line": 30, "column": 68 } },
      "30": { "start": { "line": 31, "column": 0 }, "end": { "line": 31, "column": 68 } },
      "31": { "start": { "line": 32, "column": 0 }, "end": { "line": 32, "column": 65 } },
      "32": { "start": { "line": 33, "column": 0 }, "end": { "line": 33, "column": 71 } },
      "33": { "start": { "line": 34, "column": 0 }, "end": { "line": 34, "column": 55 } },
      "34": { "start": { "line": 35, "column": 0 }, "end": { "line": 35, "column": 64 } },
      "35": { "start": { "line": 36, "column": 0 }, "end": { "line": 36, "column": 48 } },
      "36": { "start": { "line": 37, "column": 0 }, "end": { "line": 37, "column": 47 } },
      "37": { "start": { "line": 38, "column": 0 }, "end": { "line": 38, "column": 50 } },
      "38": { "start": { "line": 39, "column": 0 }, "end": { "line": 39, "column": 58 } },
      "39": { "start": { "line": 40, "column": 0 }, "end": { "line": 40, "column": 0 } },
      "40": { "start": { "line": 41, "column": 0 }, "end": { "line": 41, "column": 35 } },
      "41": { "start": { "line": 42, "column": 0 }, "end": { "line": 42, "column": 16 } },
      "42": { "start": { "line": 43, "column": 0 }, "end": { "line": 43, "column": 39 } },
      "43": { "start": { "line": 44, "column": 0 }, "end": { "line": 44, "column": 38 } },
      "44": { "start": { "line": 45, "column": 0 }, "end": { "line": 45, "column": 65 } },
      "45": { "start": { "line": 46, "column": 0 }, "end": { "line": 46, "column": 43 } },
      "46": { "start": { "line": 47, "column": 0 }, "end": { "line": 47, "column": 55 } },
      "47": { "start": { "line": 48, "column": 0 }, "end": { "line": 48, "column": 46 } },
      "48": { "start": { "line": 49, "column": 0 }, "end": { "line": 49, "column": 53 } },
      "49": { "start": { "line": 50, "column": 0 }, "end": { "line": 50, "column": 5 } },
      "50": { "start": { "line": 51, "column": 0 }, "end": { "line": 51, "column": 0 } },
      "51": { "start": { "line": 52, "column": 0 }, "end": { "line": 52, "column": 19 } },
      "52": { "start": { "line": 53, "column": 0 }, "end": { "line": 53, "column": 45 } },
      "53": { "start": { "line": 54, "column": 0 }, "end": { "line": 54, "column": 41 } },
      "54": { "start": { "line": 55, "column": 0 }, "end": { "line": 55, "column": 71 } },
      "55": { "start": { "line": 56, "column": 0 }, "end": { "line": 56, "column": 46 } },
      "56": { "start": { "line": 57, "column": 0 }, "end": { "line": 57, "column": 61 } },
      "57": { "start": { "line": 58, "column": 0 }, "end": { "line": 58, "column": 49 } },
      "58": { "start": { "line": 59, "column": 0 }, "end": { "line": 59, "column": 59 } },
      "59": { "start": { "line": 60, "column": 0 }, "end": { "line": 60, "column": 5 } },
      "60": { "start": { "line": 61, "column": 0 }, "end": { "line": 61, "column": 0 } },
      "61": { "start": { "line": 62, "column": 0 }, "end": { "line": 62, "column": 19 } },
      "62": { "start": { "line": 63, "column": 0 }, "end": { "line": 63, "column": 46 } },
      "63": { "start": { "line": 64, "column": 0 }, "end": { "line": 64, "column": 45 } },
      "64": { "start": { "line": 65, "column": 0 }, "end": { "line": 65, "column": 87 } },
      "65": { "start": { "line": 66, "column": 0 }, "end": { "line": 66, "column": 36 } },
      "66": { "start": { "line": 67, "column": 0 }, "end": { "line": 67, "column": 71 } },
      "67": { "start": { "line": 68, "column": 0 }, "end": { "line": 68, "column": 5 } },
      "68": { "start": { "line": 69, "column": 0 }, "end": { "line": 69, "column": 0 } },
      "69": { "start": { "line": 70, "column": 0 }, "end": { "line": 70, "column": 21 } },
      "70": { "start": { "line": 71, "column": 0 }, "end": { "line": 71, "column": 50 } },
      "71": { "start": { "line": 72, "column": 0 }, "end": { "line": 72, "column": 12 } },
      "72": { "start": { "line": 73, "column": 0 }, "end": { "line": 73, "column": 31 } },
      "73": { "start": { "line": 74, "column": 0 }, "end": { "line": 74, "column": 47 } },
      "74": { "start": { "line": 75, "column": 0 }, "end": { "line": 75, "column": 34 } },
      "75": { "start": { "line": 76, "column": 0 }, "end": { "line": 76, "column": 63 } },
      "76": { "start": { "line": 77, "column": 0 }, "end": { "line": 77, "column": 7 } },
      "77": { "start": { "line": 78, "column": 0 }, "end": { "line": 78, "column": 5 } },
      "78": { "start": { "line": 79, "column": 0 }, "end": { "line": 79, "column": 0 } },
      "79": { "start": { "line": 80, "column": 0 }, "end": { "line": 80, "column": 24 } },
      "80": { "start": { "line": 81, "column": 0 }, "end": { "line": 81, "column": 56 } },
      "81": { "start": { "line": 82, "column": 0 }, "end": { "line": 82, "column": 12 } },
      "82": { "start": { "line": 83, "column": 0 }, "end": { "line": 83, "column": 31 } },
      "83": { "start": { "line": 84, "column": 0 }, "end": { "line": 84, "column": 50 } },
      "84": { "start": { "line": 85, "column": 0 }, "end": { "line": 85, "column": 34 } },
      "85": { "start": { "line": 86, "column": 0 }, "end": { "line": 86, "column": 68 } },
      "86": { "start": { "line": 87, "column": 0 }, "end": { "line": 87, "column": 7 } },
      "87": { "start": { "line": 88, "column": 0 }, "end": { "line": 88, "column": 5 } },
      "88": { "start": { "line": 89, "column": 0 }, "end": { "line": 89, "column": 0 } },
      "89": { "start": { "line": 90, "column": 0 }, "end": { "line": 90, "column": 16 } },
      "90": { "start": { "line": 91, "column": 0 }, "end": { "line": 91, "column": 39 } },
      "91": { "start": { "line": 92, "column": 0 }, "end": { "line": 92, "column": 5 } },
      "92": { "start": { "line": 93, "column": 0 }, "end": { "line": 93, "column": 0 } },
      "93": { "start": { "line": 94, "column": 0 }, "end": { "line": 94, "column": 19 } },
      "94": { "start": { "line": 95, "column": 0 }, "end": { "line": 95, "column": 45 } },
      "95": { "start": { "line": 96, "column": 0 }, "end": { "line": 96, "column": 5 } },
      "96": { "start": { "line": 97, "column": 0 }, "end": { "line": 97, "column": 0 } },
      "97": { "start": { "line": 98, "column": 0 }, "end": { "line": 98, "column": 18 } },
      "98": { "start": { "line": 99, "column": 0 }, "end": { "line": 99, "column": 43 } },
      "99": { "start": { "line": 100, "column": 0 }, "end": { "line": 100, "column": 5 } },
      "100": { "start": { "line": 101, "column": 0 }, "end": { "line": 101, "column": 0 } },
      "101": { "start": { "line": 102, "column": 0 }, "end": { "line": 102, "column": 16 } },
      "102": { "start": { "line": 103, "column": 0 }, "end": { "line": 103, "column": 50 } },
      "103": { "start": { "line": 104, "column": 0 }, "end": { "line": 104, "column": 5 } },
      "104": { "start": { "line": 105, "column": 0 }, "end": { "line": 105, "column": 0 } },
      "105": { "start": { "line": 106, "column": 0 }, "end": { "line": 106, "column": 41 } },
      "106": { "start": { "line": 107, "column": 0 }, "end": { "line": 107, "column": 32 } },
      "107": { "start": { "line": 108, "column": 0 }, "end": { "line": 108, "column": 13 } },
      "108": { "start": { "line": 109, "column": 0 }, "end": { "line": 109, "column": 5 } },
      "109": { "start": { "line": 110, "column": 0 }, "end": { "line": 110, "column": 0 } },
      "110": { "start": { "line": 111, "column": 0 }, "end": { "line": 111, "column": 21 } },
      "111": { "start": { "line": 112, "column": 0 }, "end": { "line": 112, "column": 11 } },
      "112": { "start": { "line": 113, "column": 0 }, "end": { "line": 113, "column": 14 } },
      "113": { "start": { "line": 114, "column": 0 }, "end": { "line": 114, "column": 14 } },
      "114": { "start": { "line": 115, "column": 0 }, "end": { "line": 115, "column": 16 } },
      "115": { "start": { "line": 116, "column": 0 }, "end": { "line": 116, "column": 19 } },
      "116": { "start": { "line": 117, "column": 0 }, "end": { "line": 117, "column": 11 } },
      "117": { "start": { "line": 118, "column": 0 }, "end": { "line": 118, "column": 14 } },
      "118": { "start": { "line": 119, "column": 0 }, "end": { "line": 119, "column": 13 } },
      "119": { "start": { "line": 120, "column": 0 }, "end": { "line": 120, "column": 11 } },
      "120": { "start": { "line": 121, "column": 0 }, "end": { "line": 121, "column": 6 } },
      "121": { "start": { "line": 122, "column": 0 }, "end": { "line": 122, "column": 0 } },
      "122": { "start": { "line": 123, "column": 0 }, "end": { "line": 123, "column": 42 } },
      "123": { "start": { "line": 124, "column": 0 }, "end": { "line": 124, "column": 43 } },
      "124": { "start": { "line": 125, "column": 0 }, "end": { "line": 125, "column": 17 } },
      "125": { "start": { "line": 126, "column": 0 }, "end": { "line": 126, "column": 8 } },
      "126": { "start": { "line": 127, "column": 0 }, "end": { "line": 127, "column": 0 } },
      "127": { "start": { "line": 128, "column": 0 }, "end": { "line": 128, "column": 45 } },
      "128": { "start": { "line": 129, "column": 0 }, "end": { "line": 129, "column": 17 } },
      "129": { "start": { "line": 130, "column": 0 }, "end": { "line": 130, "column": 4 } },
      "130": { "start": { "line": 131, "column": 0 }, "end": { "line": 131, "column": 0 } },
      "131": { "start": { "line": 132, "column": 0 }, "end": { "line": 132, "column": 12 } },
      "132": { "start": { "line": 133, "column": 0 }, "end": { "line": 133, "column": 34 } },
      "133": { "start": { "line": 134, "column": 0 }, "end": { "line": 134, "column": 12 } },
      "134": { "start": { "line": 135, "column": 0 }, "end": { "line": 135, "column": 8 } },
      "135": { "start": { "line": 136, "column": 0 }, "end": { "line": 136, "column": 34 } },
      "136": { "start": { "line": 137, "column": 0 }, "end": { "line": 137, "column": 13 } },
      "137": { "start": { "line": 138, "column": 0 }, "end": { "line": 138, "column": 77 } },
      "138": { "start": { "line": 139, "column": 0 }, "end": { "line": 139, "column": 38 } },
      "139": { "start": { "line": 140, "column": 0 }, "end": { "line": 140, "column": 28 } },
      "140": { "start": { "line": 141, "column": 0 }, "end": { "line": 141, "column": 9 } },
      "141": { "start": { "line": 142, "column": 0 }, "end": { "line": 142, "column": 76 } },
      "142": { "start": { "line": 143, "column": 0 }, "end": { "line": 143, "column": 70 } },
      "143": { "start": { "line": 144, "column": 0 }, "end": { "line": 144, "column": 48 } },
      "144": { "start": { "line": 145, "column": 0 }, "end": { "line": 145, "column": 64 } },
      "145": { "start": { "line": 146, "column": 0 }, "end": { "line": 146, "column": 0 } },
      "146": { "start": { "line": 147, "column": 0 }, "end": { "line": 147, "column": 82 } },
      "147": { "start": { "line": 148, "column": 0 }, "end": { "line": 148, "column": 18 } },
      "148": { "start": { "line": 149, "column": 0 }, "end": { "line": 149, "column": 0 } },
      "149": { "start": { "line": 150, "column": 0 }, "end": { "line": 150, "column": 70 } },
      "150": { "start": { "line": 151, "column": 0 }, "end": { "line": 151, "column": 54 } },
      "151": { "start": { "line": 152, "column": 0 }, "end": { "line": 152, "column": 70 } },
      "152": { "start": { "line": 153, "column": 0 }, "end": { "line": 153, "column": 0 } },
      "153": { "start": { "line": 154, "column": 0 }, "end": { "line": 154, "column": 88 } },
      "154": { "start": { "line": 155, "column": 0 }, "end": { "line": 155, "column": 18 } },
      "155": { "start": { "line": 156, "column": 0 }, "end": { "line": 156, "column": 16 } },
      "156": { "start": { "line": 157, "column": 0 }, "end": { "line": 157, "column": 0 } },
      "157": { "start": { "line": 158, "column": 0 }, "end": { "line": 158, "column": 51 } },
      "158": { "start": { "line": 159, "column": 0 }, "end": { "line": 159, "column": 66 } },
      "159": { "start": { "line": 160, "column": 0 }, "end": { "line": 160, "column": 0 } },
      "160": { "start": { "line": 161, "column": 0 }, "end": { "line": 161, "column": 84 } },
      "161": { "start": { "line": 162, "column": 0 }, "end": { "line": 162, "column": 0 } },
      "162": { "start": { "line": 163, "column": 0 }, "end": { "line": 163, "column": 55 } },
      "163": { "start": { "line": 164, "column": 0 }, "end": { "line": 164, "column": 70 } },
      "164": { "start": { "line": 165, "column": 0 }, "end": { "line": 165, "column": 0 } },
      "165": { "start": { "line": 166, "column": 0 }, "end": { "line": 166, "column": 88 } },
      "166": { "start": { "line": 167, "column": 0 }, "end": { "line": 167, "column": 0 } },
      "167": { "start": { "line": 168, "column": 0 }, "end": { "line": 168, "column": 61 } },
      "168": { "start": { "line": 169, "column": 0 }, "end": { "line": 169, "column": 76 } },
[...]
        "loc": { "start": { "line": 54, "column": 40 }, "end": { "line": 56, "column": 15 } },
        "locations": [
          { "start": { "line": 54, "column": 40 }, "end": { "line": 56, "column": 15 } }
        ]
      },
      "9": {
        "type": "branch",
        "line": 56,
        "loc": { "start": { "line": 56, "column": 45 }, "end": { "line": 58, "column": 15 } },
        "locations": [
          { "start": { "line": 56, "column": 45 }, "end": { "line": 58, "column": 15 } }
        ]
      },
      "10": {
        "type": "branch",
        "line": 58,
        "loc": { "start": { "line": 58, "column": 48 }, "end": { "line": 60, "column": 5 } },
        "locations": [{ "start": { "line": 58, "column": 48 }, "end": { "line": 60, "column": 5 } }]
      },
      "11": {
        "type": "branch",
        "line": 62,
        "loc": { "start": { "line": 62, "column": 18 }, "end": { "line": 68, "column": 5 } },
        "locations": [{ "start": { "line": 62, "column": 18 }, "end": { "line": 68, "column": 5 } }]
      },
      "12": {
        "type": "branch",
        "line": 64,
        "loc": { "start": { "line": 64, "column": 44 }, "end": { "line": 66, "column": 15 } },
        "locations": [
          { "start": { "line": 64, "column": 44 }, "end": { "line": 66, "column": 15 } }
        ]
      },
      "13": {
        "type": "branch",
        "line": 66,
        "loc": { "start": { "line": 66, "column": 35 }, "end": { "line": 68, "column": 5 } },
        "locations": [{ "start": { "line": 66, "column": 35 }, "end": { "line": 68, "column": 5 } }]
      },
      "14": {
        "type": "branch",
        "line": 70,
        "loc": { "start": { "line": 70, "column": 20 }, "end": { "line": 78, "column": 5 } },
        "locations": [{ "start": { "line": 70, "column": 20 }, "end": { "line": 78, "column": 5 } }]
      },
      "15": {
        "type": "branch",
        "line": 75,
        "loc": { "start": { "line": 75, "column": 33 }, "end": { "line": 77, "column": 7 } },
        "locations": [{ "start": { "line": 75, "column": 33 }, "end": { "line": 77, "column": 7 } }]
      },
      "16": {
        "type": "branch",
        "line": 80,
        "loc": { "start": { "line": 80, "column": 23 }, "end": { "line": 88, "column": 5 } },
        "locations": [{ "start": { "line": 80, "column": 23 }, "end": { "line": 88, "column": 5 } }]
      },
      "17": {
        "type": "branch",
        "line": 90,
        "loc": { "start": { "line": 90, "column": 15 }, "end": { "line": 92, "column": 5 } },
        "locations": [{ "start": { "line": 90, "column": 15 }, "end": { "line": 92, "column": 5 } }]
      },
      "18": {
        "type": "branch",
        "line": 94,
        "loc": { "start": { "line": 94, "column": 18 }, "end": { "line": 96, "column": 5 } },
        "locations": [{ "start": { "line": 94, "column": 18 }, "end": { "line": 96, "column": 5 } }]
      },
      "19": {
        "type": "branch",
        "line": 98,
        "loc": { "start": { "line": 98, "column": 17 }, "end": { "line": 100, "column": 5 } },
        "locations": [
          { "start": { "line": 98, "column": 17 }, "end": { "line": 100, "column": 5 } }
        ]
      },
      "20": {
        "type": "branch",
        "line": 109,
        "loc": { "start": { "line": 109, "column": 4 }, "end": { "line": 129, "column": 17 } },
        "locations": [
          { "start": { "line": 109, "column": 4 }, "end": { "line": 129, "column": 17 } }
        ]
      },
      "21": {
        "type": "branch",
        "line": 132,
        "loc": { "start": { "line": 132, "column": 2 }, "end": { "line": 237, "column": 3 } },
        "locations": [
          { "start": { "line": 132, "column": 2 }, "end": { "line": 237, "column": 3 } }
        ]
      },
      "22": {
        "type": "branch",
        "line": 147,
        "loc": { "start": { "line": 147, "column": 22 }, "end": { "line": 147, "column": 82 } },
        "locations": [
          { "start": { "line": 147, "column": 22 }, "end": { "line": 147, "column": 82 } }
        ]
      },
      "23": {
        "type": "branch",
        "line": 154,
        "loc": { "start": { "line": 154, "column": 22 }, "end": { "line": 154, "column": 88 } },
        "locations": [
          { "start": { "line": 154, "column": 22 }, "end": { "line": 154, "column": 88 } }
        ]
      },
      "24": {
        "type": "branch",
        "line": 161,
        "loc": { "start": { "line": 161, "column": 18 }, "end": { "line": 161, "column": 84 } },
        "locations": [
          { "start": { "line": 161, "column": 18 }, "end": { "line": 161, "column": 84 } }
        ]
      },
      "25": {
        "type": "branch",
        "line": 166,
        "loc": { "start": { "line": 166, "column": 18 }, "end": { "line": 166, "column": 88 } },
        "locations": [
          { "start": { "line": 166, "column": 18 }, "end": { "line": 166, "column": 88 } }
        ]
      },
      "26": {
        "type": "branch",
        "line": 171,
        "loc": { "start": { "line": 171, "column": 18 }, "end": { "line": 171, "column": 94 } },
        "locations": [
          { "start": { "line": 171, "column": 18 }, "end": { "line": 171, "column": 94 } }
        ]
      },
      "27": {
        "type": "branch",
        "line": 183,
        "loc": { "start": { "line": 183, "column": 18 }, "end": { "line": 183, "column": 78 } },
        "locations": [
          { "start": { "line": 183, "column": 18 }, "end": { "line": 183, "column": 78 } }
        ]
      },
      "28": {
        "type": "branch",
        "line": 199,
        "loc": { "start": { "line": 199, "column": 20 }, "end": { "line": 199, "column": 84 } },
        "locations": [
          { "start": { "line": 199, "column": 20 }, "end": { "line": 199, "column": 84 } }
        ]
      },
      "29": {
        "type": "branch",
        "line": 207,
        "loc": { "start": { "line": 207, "column": 18 }, "end": { "line": 207, "column": 84 } },
        "locations": [
          { "start": { "line": 207, "column": 18 }, "end": { "line": 207, "column": 84 } }
        ]
      },
      "30": {
        "type": "branch",
        "line": 212,
        "loc": { "start": { "line": 212, "column": 18 }, "end": { "line": 212, "column": 78 } },
        "locations": [
          { "start": { "line": 212, "column": 18 }, "end": { "line": 212, "column": 78 } }
        ]
      },
      "31": {
        "type": "branch",
        "line": 176,
        "loc": { "start": { "line": 176, "column": 24 }, "end": { "line": 179, "column": 23 } },
        "locations": [
          { "start": { "line": 176, "column": 24 }, "end": { "line": 179, "column": 23 } }
        ]
      }
    },
    "b": {
      "0": [12],
      "1": [2],
      "2": [0],
      "3": [1],
      "4": [0],
      "5": [0],
      "6": [0],
      "7": [1],
      "8": [0],
      "9": [0],
      "10": [0],
      "11": [1],
      "12": [0],
      "13": [0],
      "14": [1],
      "15": [0],
      "16": [1],
      "17": [1],
      "18": [1],
      "19": [0],
      "20": [0],
      "21": [14],
      "22": [1],
      "23": [1],
      "24": [1],
      "25": [1],
      "26": [2],
      "27": [1],
      "28": [0],
      "29": [1],
      "30": [2],
      "31": [126]
    },
    "fnMap": {
      "0": {
        "name": "<instance_members_initializer>",
        "decl": { "start": { "line": 9, "column": 0 }, "end": { "line": 238, "column": 1 } },
        "loc": { "start": { "line": 9, "column": 0 }, "end": { "line": 238, "column": 1 } },
        "line": 9
      },
      "1": {
        "name": "handleSubmit",
        "decl": { "start": { "line": 26, "column": 17 }, "end": { "line": 130, "column": 4 } },
        "loc": { "start": { "line": 26, "column": 17 }, "end": { "line": 130, "column": 4 } },
        "line": 26
      },
      "2": {
        "name": "render",
        "decl": { "start": { "line": 132, "column": 2 }, "end": { "line": 237, "column": 3 } },
        "loc": { "start": { "line": 132, "column": 2 }, "end": { "line": 237, "column": 3 } },
        "line": 132
      }
    },
    "f": { "0": 12, "1": 2, "2": 14 }
  },
  "D:\\WorkFlow\\RS\\react\\src\\pages\\Home.tsx": {
    "path": "D:\\WorkFlow\\RS\\react\\src\\pages\\Home.tsx",
    "all": false,
    "statementMap": {
      "0": { "start": { "line": 1, "column": 0 }, "end": { "line": 1, "column": 52 } },
      "1": { "start": { "line": 2, "column": 0 }, "end": { "line": 2, "column": 34 } },
      "2": { "start": { "line": 3, "column": 0 }, "end": { "line": 3, "column": 0 } },
      "3": { "start": { "line": 4, "column": 0 }, "end": { "line": 4, "column": 48 } },
      "4": { "start": { "line": 5, "column": 0 }, "end": { "line": 5, "column": 38 } },
      "5": { "start": { "line": 6, "column": 0 }, "end": { "line": 6, "column": 0 } },
      "6": { "start": { "line": 7, "column": 0 }, "end": { "line": 7, "column": 44 } },
      "7": { "start": { "line": 8, "column": 0 }, "end": { "line": 8, "column": 46 } },
      "8": { "start": { "line": 9, "column": 0 }, "end": { "line": 9, "column": 63 } },
      "9": { "start": { "line": 10, "column": 0 }, "end": { "line": 10, "column": 0 } },
      "10": { "start": { "line": 11, "column": 0 }, "end": { "line": 11, "column": 28 } },
      "11": { "start": { "line": 12, "column": 0 }, "end": { "line": 12, "column": 0 } },
      "12": { "start": { "line": 13, "column": 0 }, "end": { "line": 13, "column": 52 } },
      "13": { "start": { "line": 14, "column": 0 }, "end": { "line": 14, "column": 33 } },
      "14": { "start": { "line": 15, "column": 0 }, "end": { "line": 15, "column": 17 } },
      "15": { "start": { "line": 16, "column": 0 }, "end": { "line": 16, "column": 0 } },
      "16": { "start": { "line": 17, "column": 0 }, "end": { "line": 17, "column": 18 } },
      "17": { "start": { "line": 18, "column": 0 }, "end": { "line": 18, "column": 21 } },
      "18": { "start": { "line": 19, "column": 0 }, "end": { "line": 19, "column": 6 } },
      "19": { "start": { "line": 20, "column": 0 }, "end": { "line": 20, "column": 3 } },
      "20": { "start": { "line": 21, "column": 0 }, "end": { "line": 21, "column": 0 } },
      "21": { "start": { "line": 22, "column": 0 }, "end": { "line": 22, "column": 55 } },
      "22": { "start": { "line": 23, "column": 0 }, "end": { "line": 23, "column": 49 } },
      "23": { "start": { "line": 24, "column": 0 }, "end": { "line": 24, "column": 4 } },
      "24": { "start": { "line": 25, "column": 0 }, "end": { "line": 25, "column": 0 } },
      "25": { "start": { "line": 26, "column": 0 }, "end": { "line": 26, "column": 12 } },
      "26": { "start": { "line": 27, "column": 0 }, "end": { "line": 27, "column": 38 } },
      "27": { "start": { "line": 28, "column": 0 }, "end": { "line": 28, "column": 0 } },
      "28": { "start": { "line": 29, "column": 0 }, "end": { "line": 29, "column": 61 } },
      "29": { "start": { "line": 30, "column": 0 }, "end": { "line": 30, "column": 65 } },
      "30": { "start": { "line": 31, "column": 0 }, "end": { "line": 31, "column": 6 } },
      "31": { "start": { "line": 32, "column": 0 }, "end": { "line": 32, "column": 0 } },
      "32": { "start": { "line": 33, "column": 0 }, "end": { "line": 33, "column": 12 } },
      "33": { "start": { "line": 34, "column": 0 }, "end": { "line": 34, "column": 28 } },
      "34": { "start": { "line": 35, "column": 0 }, "end": { "line": 35, "column": 36 } },
      "35": { "start": { "line": 36, "column": 0 }, "end": { "line": 36, "column": 94 } },
      "36": { "start": { "line": 37, "column": 0 }, "end": { "line": 37, "column": 31 } },
      "37": { "start": { "line": 38, "column": 0 }, "end": { "line": 38, "column": 40 } },
      "38": { "start": { "line": 39, "column": 0 }, "end": { "line": 39, "column": 17 } },
      "39": { "start": { "line": 40, "column": 0 }, "end": { "line": 40, "column": 30 } },
      "40": { "start": { "line": 41, "column": 0 }, "end": { "line": 41, "column": 36 } },
      "41": { "start": { "line": 42, "column": 0 }, "end": { "line": 42, "column": 48 } },
      "42": { "start": { "line": 43, "column": 0 }, "end": { "line": 43, "column": 38 } },
      "43": { "start": { "line": 44, "column": 0 }, "end": { "line": 44, "column": 36 } },
      "44": { "start": { "line": 45, "column": 0 }, "end": { "line": 45, "column": 38 } },
      "45": { "start": { "line": 46, "column": 0 }, "end": { "line": 46, "column": 34 } },
      "46": { "start": { "line": 47, "column": 0 }, "end": { "line": 47, "column": 14 } },
      "47": { "start": { "line": 48, "column": 0 }, "end": { "line": 48, "column": 13 } },
      "48": { "start": { "line": 49, "column": 0 }, "end": { "line": 49, "column": 14 } },
      "49": { "start": { "line": 50, "column": 0 }, "end": { "line": 50, "column": 12 } },
      "50": { "start": { "line": 51, "column": 0 }, "end": { "line": 51, "column": 6 } },
      "51": { "start": { "line": 52, "column": 0 }, "end": { "line": 52, "column": 3 } },
      "52": { "start": { "line": 53, "column": 0 }, "end": { "line": 53, "column": 1 } },
      "53": { "start": { "line": 54, "column": 0 }, "end": { "line": 54, "column": 0 } },
      "54": { "start": { "line": 55, "column": 0 }, "end": { "line": 55, "column": 20 } }
    },
    "s": {
      "0": 1,
      "1": 1,
      "2": 1,
      "3": 1,
      "4": 1,
      "5": 1,
      "6": 1,
      "7": 1,
      "8": 1,
      "9": 1,
      "10": 1,
      "11": 1,
      "12": 4,
      "13": 4,
      "14": 4,
      "15": 4,
      "16": 4,
      "17": 4,
      "18": 4,
      "19": 4,
      "20": 4,
      "21": 4,
      "22": 2,
      "23": 2,
      "24": 4,
      "25": 4,
      "26": 6,
      "27": 6,
      "28": 6,
      "29": 48,
      "30": 6,
      "31": 6,
      "32": 6,
      "33": 6,
      "34": 6,
      "35": 6,
      "36": 6,
      "37": 6,
      "38": 48,
      "39": 48,
      "40": 48,
      "41": 48,
      "42": 48,
      "43": 48,
      "44": 48,
      "45": 48,
      "46": 48,
      "47": 6,
      "48": 6,
      "49": 6,
      "50": 6,
      "51": 6,
      "52": 4,
      "53": 1,
      "54": 1
    },
    "branchMap": {
      "0": {
        "type": "branch",
        "line": 13,
        "loc": { "start": { "line": 13, "column": 0 }, "end": { "line": 53, "column": 1 } },
        "locations": [{ "start": { "line": 13, "column": 0 }, "end": { "line": 53, "column": 1 } }]
      },
      "1": {
        "type": "branch",
        "line": 14,
        "loc": { "start": { "line": 14, "column": 2 }, "end": { "line": 20, "column": 3 } },
        "locations": [{ "start": { "line": 14, "column": 2 }, "end": { "line": 20, "column": 3 } }]
      },
      "2": {
        "type": "branch",
        "line": 22,
        "loc": { "start": { "line": 22, "column": 27 }, "end": { "line": 24, "column": 4 } },
        "locations": [{ "start": { "line": 22, "column": 27 }, "end": { "line": 24, "column": 4 } }]
      },
      "3": {
        "type": "branch",
        "line": 26,
        "loc": { "start": { "line": 26, "column": 2 }, "end": { "line": 52, "column": 3 } },
        "locations": [{ "start": { "line": 26, "column": 2 }, "end": { "line": 52, "column": 3 } }]
      },
      "4": {
        "type": "branch",
        "line": 29,
        "loc": { "start": { "line": 29, "column": 42 }, "end": { "line": 30, "column": 65 } },
        "locations": [
          { "start": { "line": 29, "column": 42 }, "end": { "line": 30, "column": 65 } }
        ]
      },
      "5": {
        "type": "branch",
        "line": 38,
        "loc": { "start": { "line": 38, "column": 29 }, "end": { "line": 47, "column": 14 } },
        "locations": [
          { "start": { "line": 38, "column": 29 }, "end": { "line": 47, "column": 14 } }
        ]
      }
    },
    "b": { "0": [4], "1": [4], "2": [2], "3": [6], "4": [48], "5": [48] },
    "fnMap": {
      "0": {
        "name": "<instance_members_initializer>",
        "decl": { "start": { "line": 13, "column": 0 }, "end": { "line": 53, "column": 1 } },
        "loc": { "start": { "line": 13, "column": 0 }, "end": { "line": 53, "column": 1 } },
        "line": 13
      },
      "1": {
        "name": "Home",
        "decl": { "start": { "line": 14, "column": 2 }, "end": { "line": 20, "column": 3 } },
        "loc": { "start": { "line": 14, "column": 2 }, "end": { "line": 20, "column": 3 } },
        "line": 14
      },
      "2": {
        "name": "handleSearchTermChange",
        "decl": { "start": { "line": 22, "column": 27 }, "end": { "line": 24, "column": 4 } },
        "loc": { "start": { "line": 22, "column": 27 }, "end": { "line": 24, "column": 4 } },
        "line": 22
      },
      "3": {
        "name": "render",
        "decl": { "start": { "line": 26, "column": 2 }, "end": { "line": 52, "column": 3 } },
        "loc": { "start": { "line": 26, "column": 2 }, "end": { "line": 52, "column": 3 } },
        "line": 26
      }
    },
    "f": { "0": 4, "1": 4, "2": 2, "3": 6 }
  },
  "D:\\WorkFlow\\RS\\react\\src\\routes\\AppRoutes.tsx": {
    "path": "D:\\WorkFlow\\RS\\react\\src\\routes\\AppRoutes.tsx",
    "all": false,
    "statementMap": {
      "0": { "start": { "line": 1, "column": 0 }, "end": { "line": 1, "column": 33 } },
      "1": { "start": { "line": 2, "column": 0 }, "end": { "line": 2, "column": 39 } },
      "2": { "start": { "line": 3, "column": 0 }, "end": { "line": 3, "column": 36 } },
      "3": { "start": { "line": 4, "column": 0 }, "end": { "line": 4, "column": 39 } },
      "4": { "start": { "line": 5, "column": 0 }, "end": { "line": 5, "column": 0 } },
      "5": { "start": { "line": 6, "column": 0 }, "end": { "line": 6, "column": 65 } },
      "6": { "start": { "line": 7, "column": 0 }, "end": { "line": 7, "column": 0 } },
      "7": { "start": { "line": 8, "column": 0 }, "end": { "line": 8, "column": 41 } },
      "8": { "start": { "line": 9, "column": 0 }, "end": { "line": 9, "column": 3 } },
      "9": { "start": { "line": 10, "column": 0 }, "end": { "line": 10, "column": 14 } },
      "10": { "start": { "line": 11, "column": 0 }, "end": { "line": 11, "column": 34 } },
      "11": { "start": { "line": 12, "column": 0 }, "end": { "line": 12, "column": 4 } },
      "12": { "start": { "line": 13, "column": 0 }, "end": { "line": 13, "column": 3 } },
      "13": { "start": { "line": 14, "column": 0 }, "end": { "line": 14, "column": 22 } },
      "14": { "start": { "line": 15, "column": 0 }, "end": { "line": 15, "column": 41 } },
      "15": { "start": { "line": 16, "column": 0 }, "end": { "line": 16, "column": 4 } },
      "16": { "start": { "line": 17, "column": 0 }, "end": { "line": 17, "column": 3 } },
      "17": { "start": { "line": 18, "column": 0 }, "end": { "line": 18, "column": 22 } },
      "18": { "start": { "line": 19, "column": 0 }, "end": { "line": 19, "column": 43 } },
      "19": { "start": { "line": 20, "column": 0 }, "end": { "line": 20, "column": 4 } },
      "20": { "start": { "line": 21, "column": 0 }, "end": { "line": 21, "column": 3 } },
      "21": { "start": { "line": 22, "column": 0 }, "end": { "line": 22, "column": 14 } },
      "22": { "start": { "line": 23, "column": 0 }, "end": { "line": 23, "column": 26 } },
      "23": { "start": { "line": 24, "column": 0 }, "end": { "line": 24, "column": 4 } },
      "24": { "start": { "line": 25, "column": 0 }, "end": { "line": 25, "column": 2 } },
      "25": { "start": { "line": 26, "column": 0 }, "end": { "line": 26, "column": 0 } },
      "26": { "start": { "line": 27, "column": 0 }, "end": { "line": 27, "column": 25 } }
    },
    "s": {
      "0": 1,
      "1": 1,
      "2": 1,
      "3": 1,
      "4": 1,
      "5": 1,
      "6": 1,
      "7": 1,
      "8": 1,
      "9": 1,
      "10": 1,
      "11": 1,
      "12": 1,
      "13": 1,
      "14": 1,
      "15": 1,
      "16": 1,
      "17": 1,
      "18": 1,
      "19": 1,
      "20": 1,
      "21": 1,
      "22": 1,
      "23": 1,
      "24": 1,
      "25": 1,
      "26": 1
    },
    "branchMap": {},
    "b": {},
    "fnMap": {},
    "f": {}
  }
}
